# JRE version: OpenJDK Runtime Environment Temurin-21.0.8+9 (21.0.8+9) (build 21.0.8+9-LTS)
# Java VM: OpenJDK 64-Bit Server VM Temurin-21.0.8+9 (21.0.8+9-LTS, mixed mode, sharing, tiered, compressed oops, compressed class ptrs, parallel gc, windows-amd64)
GC Precious Log:
 CardTable entry size: 512
 CPUs: 8 total, 8 available
 Memory: 7975M
 Large Page Support: Disabled
 NUMA Support: Disabled
 Compressed Oops: Enabled (32-bit)
 Alignments: Space 512K, Generation 512K, Heap 2M
 Heap Min Capacity: 100M
 Heap Initial Capacity: 100M
 Heap Max Capacity: 2G
 Pre-touch: Disabled
 Parallel Workers: 8
Heap:
 PSYoungGen      total 9728K, used 9412K [0x00000000d5580000, 0x00000000d6300000, 0x0000000100000000)
  eden space 7168K, 100% used [0x00000000d5580000,0x00000000d5c80000,0x00000000d5c80000)
  from space 2560K, 87% used [0x00000000d5f00000,0x00000000d6131010,0x00000000d6180000)
  to   space 2560K, 98% used [0x00000000d5c80000,0x00000000d5ef9010,0x00000000d5f00000)
 ParOldGen       total 673792K, used 673787K [0x0000000080000000, 0x00000000a9200000, 0x00000000d5580000)
  object space 673792K, 99% used [0x0000000080000000,0x00000000a91fed90,0x00000000a9200000)
 Metaspace       used 68709K, committed 70336K, reserved 1114112K
  class space    used 7044K, committed 7744K, reserved 1048576K
GC Heap History (20 events):
Event: 24.856 GC heap after
{Heap after GC invocations=792 (full 3):
 PSYoungGen      total 6656K, used 1024K [0x00000000d5580000, 0x00000000d6380000, 0x0000000100000000)
  eden space 5632K, 0% used [0x00000000d5580000,0x00000000d5580000,0x00000000d5b00000)
  from space 1024K, 100% used [0x00000000d5b00000,0x00000000d5c00000,0x00000000d5c00000)
  to   space 3584K, 0% used [0x00000000d6000000,0x00000000d6000000,0x00000000d6380000)
 ParOldGen       total 651776K, used 651635K [0x0000000080000000, 0x00000000a7c80000, 0x00000000d5580000)
  object space 651776K, 99% used [0x0000000080000000,0x00000000a7c5ce20,0x00000000a7c80000)
 Metaspace       used 68670K, committed 70272K, reserved 1114112K
  class space    used 7043K, committed 7744K, reserved 1048576K
}
Event: 24.874 GC heap before
{Heap before GC invocations=793 (full 3):
 PSYoungGen      total 6656K, used 6656K [0x00000000d5580000, 0x00000000d6380000, 0x0000000100000000)
  eden space 5632K, 100% used [0x00000000d5580000,0x00000000d5b00000,0x00000000d5b00000)
  from space 1024K, 100% used [0x00000000d5b00000,0x00000000d5c00000,0x00000000d5c00000)
  to   space 3584K, 0% used [0x00000000d6000000,0x00000000d6000000,0x00000000d6380000)
 ParOldGen       total 651776K, used 651635K [0x0000000080000000, 0x00000000a7c80000, 0x00000000d5580000)
  object space 651776K, 99% used [0x0000000080000000,0x00000000a7c5ce20,0x00000000a7c80000)
 Metaspace       used 68673K, committed 70272K, reserved 1114112K
  class space    used 7043K, committed 7744K, reserved 1048576K
}
Event: 27.882 GC heap after
{Heap after GC invocations=793 (full 3):
 PSYoungGen      total 7680K, used 3559K [0x00000000d5580000, 0x00000000d6980000, 0x0000000100000000)
  eden space 4096K, 0% used [0x00000000d5580000,0x00000000d5580000,0x00000000d5980000)
  from space 3584K, 99% used [0x00000000d6000000,0x00000000d6379ee0,0x00000000d6380000)
  to   space 6656K, 0% used [0x00000000d5980000,0x00000000d5980000,0x00000000d6000000)
 ParOldGen       total 653824K, used 653784K [0x0000000080000000, 0x00000000a7e80000, 0x00000000d5580000)
  object space 653824K, 99% used [0x0000000080000000,0x00000000a7e761c0,0x00000000a7e80000)
 Metaspace       used 68673K, committed 70272K, reserved 1114112K
  class space    used 7043K, committed 7744K, reserved 1048576K
}
Event: 27.893 GC heap before
{Heap before GC invocations=794 (full 3):
 PSYoungGen      total 7680K, used 7542K [0x00000000d5580000, 0x00000000d6980000, 0x0000000100000000)
  eden space 4096K, 97% used [0x00000000d5580000,0x00000000d5963c70,0x00000000d5980000)
  from space 3584K, 99% used [0x00000000d6000000,0x00000000d6379ee0,0x00000000d6380000)
  to   space 6656K, 0% used [0x00000000d5980000,0x00000000d5980000,0x00000000d6000000)
 ParOldGen       total 653824K, used 653784K [0x0000000080000000, 0x00000000a7e80000, 0x00000000d5580000)
  object space 653824K, 99% used [0x0000000080000000,0x00000000a7e761c0,0x00000000a7e80000)
 Metaspace       used 68680K, committed 70272K, reserved 1114112K
  class space    used 7043K, committed 7744K, reserved 1048576K
}
Event: 27.898 GC heap after
{Heap after GC invocations=794 (full 3):
 PSYoungGen      total 8704K, used 4098K [0x00000000d5580000, 0x00000000d6480000, 0x0000000100000000)
  eden space 4096K, 0% used [0x00000000d5580000,0x00000000d5580000,0x00000000d5980000)
  from space 4608K, 88% used [0x00000000d5980000,0x00000000d5d80a98,0x00000000d5e00000)
  to   space 5120K, 0% used [0x00000000d5f80000,0x00000000d5f80000,0x00000000d6480000)
 ParOldGen       total 657408K, used 657261K [0x0000000080000000, 0x00000000a8200000, 0x00000000d5580000)
  object space 657408K, 99% used [0x0000000080000000,0x00000000a81db560,0x00000000a8200000)
 Metaspace       used 68680K, committed 70272K, reserved 1114112K
  class space    used 7043K, committed 7744K, reserved 1048576K
}
Event: 27.909 GC heap before
{Heap before GC invocations=795 (full 3):
 PSYoungGen      total 8704K, used 8194K [0x00000000d5580000, 0x00000000d6480000, 0x0000000100000000)
  eden space 4096K, 100% used [0x00000000d5580000,0x00000000d5980000,0x00000000d5980000)
  from space 4608K, 88% used [0x00000000d5980000,0x00000000d5d80a98,0x00000000d5e00000)
  to   space 5120K, 0% used [0x00000000d5f80000,0x00000000d5f80000,0x00000000d6480000)
 ParOldGen       total 657408K, used 657261K [0x0000000080000000, 0x00000000a8200000, 0x00000000d5580000)
  object space 657408K, 99% used [0x0000000080000000,0x00000000a81db560,0x00000000a8200000)
 Metaspace       used 68680K, committed 70272K, reserved 1114112K
  class space    used 7043K, committed 7744K, reserved 1048576K
}
Event: 27.913 GC heap after
{Heap after GC invocations=795 (full 3):
 PSYoungGen      total 9216K, used 3949K [0x00000000d5580000, 0x00000000d6380000, 0x0000000100000000)
  eden space 5120K, 0% used [0x00000000d5580000,0x00000000d5580000,0x00000000d5a80000)
  from space 4096K, 96% used [0x00000000d5f80000,0x00000000d635b410,0x00000000d6380000)
  to   space 4608K, 0% used [0x00000000d5a80000,0x00000000d5a80000,0x00000000d5f00000)
 ParOldGen       total 659456K, used 659209K [0x0000000080000000, 0x00000000a8400000, 0x00000000d5580000)
  object space 659456K, 99% used [0x0000000080000000,0x00000000a83c24e0,0x00000000a8400000)
 Metaspace       used 68680K, committed 70272K, reserved 1114112K
  class space    used 7043K, committed 7744K, reserved 1048576K
}
Event: 27.948 GC heap before
{Heap before GC invocations=796 (full 3):
 PSYoungGen      total 9216K, used 9069K [0x00000000d5580000, 0x00000000d6380000, 0x0000000100000000)
  eden space 5120K, 100% used [0x00000000d5580000,0x00000000d5a80000,0x00000000d5a80000)
  from space 4096K, 96% used [0x00000000d5f80000,0x00000000d635b410,0x00000000d6380000)
  to   space 4608K, 0% used [0x00000000d5a80000,0x00000000d5a80000,0x00000000d5f00000)
 ParOldGen       total 659456K, used 659209K [0x0000000080000000, 0x00000000a8400000, 0x00000000d5580000)
  object space 659456K, 99% used [0x0000000080000000,0x00000000a83c24e0,0x00000000a8400000)
 Metaspace       used 68697K, committed 70336K, reserved 1114112K
  class space    used 7044K, committed 7744K, reserved 1048576K
}
Event: 27.953 GC heap after
{Heap after GC invocations=796 (full 3):
 PSYoungGen      total 7680K, used 2197K [0x00000000d5580000, 0x00000000d6180000, 0x0000000100000000)
  eden space 5120K, 0% used [0x00000000d5580000,0x00000000d5580000,0x00000000d5a80000)
  from space 2560K, 85% used [0x00000000d5a80000,0x00000000d5ca5608,0x00000000d5d00000)
  to   space 3072K, 0% used [0x00000000d5e80000,0x00000000d5e80000,0x00000000d6180000)
 ParOldGen       total 663040K, used 662777K [0x0000000080000000, 0x00000000a8780000, 0x00000000d5580000)
  object space 663040K, 99% used [0x0000000080000000,0x00000000a873e760,0x00000000a8780000)
 Metaspace       used 68697K, committed 70336K, reserved 1114112K
  class space    used 7044K, committed 7744K, reserved 1048576K
}
Event: 27.979 GC heap before
{Heap before GC invocations=797 (full 3):
 PSYoungGen      total 7680K, used 7317K [0x00000000d5580000, 0x00000000d6180000, 0x0000000100000000)
  eden space 5120K, 100% used [0x00000000d5580000,0x00000000d5a80000,0x00000000d5a80000)
  from space 2560K, 85% used [0x00000000d5a80000,0x00000000d5ca5608,0x00000000d5d00000)
  to   space 3072K, 0% used [0x00000000d5e80000,0x00000000d5e80000,0x00000000d6180000)
 ParOldGen       total 663040K, used 662777K [0x0000000080000000, 0x00000000a8780000, 0x00000000d5580000)
  object space 663040K, 99% used [0x0000000080000000,0x00000000a873e760,0x00000000a8780000)
 Metaspace       used 68705K, committed 70336K, reserved 1114112K
  class space    used 7044K, committed 7744K, reserved 1048576K
}
Event: 27.982 GC heap after
{Heap after GC invocations=797 (full 3):
 PSYoungGen      total 8704K, used 2951K [0x00000000d5580000, 0x00000000d6280000, 0x0000000100000000)
  eden space 5632K, 0% used [0x00000000d5580000,0x00000000d5580000,0x00000000d5b00000)
  from space 3072K, 96% used [0x00000000d5e80000,0x00000000d6161d38,0x00000000d6180000)
  to   space 3584K, 0% used [0x00000000d5b00000,0x00000000d5b00000,0x00000000d5e80000)
 ParOldGen       total 664576K, used 664475K [0x0000000080000000, 0x00000000a8900000, 0x00000000d5580000)
  object space 664576K, 99% used [0x0000000080000000,0x00000000a88e6f78,0x00000000a8900000)
 Metaspace       used 68705K, committed 70336K, reserved 1114112K
  class space    used 7044K, committed 7744K, reserved 1048576K
}
Event: 28.026 GC heap before
{Heap before GC invocations=798 (full 3):
 PSYoungGen      total 8704K, used 8583K [0x00000000d5580000, 0x00000000d6280000, 0x0000000100000000)
  eden space 5632K, 100% used [0x00000000d5580000,0x00000000d5b00000,0x00000000d5b00000)
  from space 3072K, 96% used [0x00000000d5e80000,0x00000000d6161d38,0x00000000d6180000)
  to   space 3584K, 0% used [0x00000000d5b00000,0x00000000d5b00000,0x00000000d5e80000)
 ParOldGen       total 664576K, used 664475K [0x0000000080000000, 0x00000000a8900000, 0x00000000d5580000)
  object space 664576K, 99% used [0x0000000080000000,0x00000000a88e6f78,0x00000000a8900000)
 Metaspace       used 68708K, committed 70336K, reserved 1114112K
  class space    used 7044K, committed 7744K, reserved 1048576K
}
Event: 28.031 GC heap after
{Heap after GC invocations=798 (full 3):
 PSYoungGen      total 9216K, used 2442K [0x00000000d5580000, 0x00000000d6280000, 0x0000000100000000)
  eden space 5632K, 0% used [0x00000000d5580000,0x00000000d5580000,0x00000000d5b00000)
  from space 3584K, 68% used [0x00000000d5b00000,0x00000000d5d62890,0x00000000d5e80000)
  to   space 3072K, 0% used [0x00000000d5f80000,0x00000000d5f80000,0x00000000d6280000)
 ParOldGen       total 666112K, used 666089K [0x0000000080000000, 0x00000000a8a80000, 0x00000000d5580000)
  object space 666112K, 99% used [0x0000000080000000,0x00000000a8a7a440,0x00000000a8a80000)
 Metaspace       used 68708K, committed 70336K, reserved 1114112K
  class space    used 7044K, committed 7744K, reserved 1048576K
}
Event: 28.079 GC heap before
{Heap before GC invocations=799 (full 3):
 PSYoungGen      total 9216K, used 8074K [0x00000000d5580000, 0x00000000d6280000, 0x0000000100000000)
  eden space 5632K, 100% used [0x00000000d5580000,0x00000000d5b00000,0x00000000d5b00000)
  from space 3584K, 68% used [0x00000000d5b00000,0x00000000d5d62890,0x00000000d5e80000)
  to   space 3072K, 0% used [0x00000000d5f80000,0x00000000d5f80000,0x00000000d6280000)
 ParOldGen       total 666112K, used 666089K [0x0000000080000000, 0x00000000a8a80000, 0x00000000d5580000)
  object space 666112K, 99% used [0x0000000080000000,0x00000000a8a7a440,0x00000000a8a80000)
 Metaspace       used 68708K, committed 70336K, reserved 1114112K
  class space    used 7044K, committed 7744K, reserved 1048576K
}
Event: 28.083 GC heap after
{Heap after GC invocations=799 (full 3):
 PSYoungGen      total 8704K, used 2696K [0x00000000d5580000, 0x00000000d6280000, 0x0000000100000000)
  eden space 5632K, 0% used [0x00000000d5580000,0x00000000d5580000,0x00000000d5b00000)
  from space 3072K, 87% used [0x00000000d5f80000,0x00000000d62221b0,0x00000000d6280000)
  to   space 3072K, 0% used [0x00000000d5c80000,0x00000000d5c80000,0x00000000d5f80000)
 ParOldGen       total 668160K, used 667970K [0x0000000080000000, 0x00000000a8c80000, 0x00000000d5580000)
  object space 668160K, 99% used [0x0000000080000000,0x00000000a8c50830,0x00000000a8c80000)
 Metaspace       used 68708K, committed 70336K, reserved 1114112K
  class space    used 7044K, committed 7744K, reserved 1048576K
}
Event: 28.127 GC heap before
{Heap before GC invocations=800 (full 3):
 PSYoungGen      total 8704K, used 8328K [0x00000000d5580000, 0x00000000d6280000, 0x0000000100000000)
  eden space 5632K, 100% used [0x00000000d5580000,0x00000000d5b00000,0x00000000d5b00000)
  from space 3072K, 87% used [0x00000000d5f80000,0x00000000d62221b0,0x00000000d6280000)
  to   space 3072K, 0% used [0x00000000d5c80000,0x00000000d5c80000,0x00000000d5f80000)
 ParOldGen       total 668160K, used 667970K [0x0000000080000000, 0x00000000a8c80000, 0x00000000d5580000)
  object space 668160K, 99% used [0x0000000080000000,0x00000000a8c50830,0x00000000a8c80000)
 Metaspace       used 68708K, committed 70336K, reserved 1114112K
  class space    used 7044K, committed 7744K, reserved 1048576K
}
Event: 29.132 GC heap after
{Heap after GC invocations=800 (full 3):
 PSYoungGen      total 9728K, used 2116K [0x00000000d5580000, 0x00000000d6180000, 0x0000000100000000)
  eden space 7168K, 0% used [0x00000000d5580000,0x00000000d5580000,0x00000000d5c80000)
  from space 2560K, 82% used [0x00000000d5c80000,0x00000000d5e91010,0x00000000d5f00000)
  to   space 2560K, 0% used [0x00000000d5f00000,0x00000000d5f00000,0x00000000d6180000)
 ParOldGen       total 670208K, used 670182K [0x0000000080000000, 0x00000000a8e80000, 0x00000000d5580000)
  object space 670208K, 99% used [0x0000000080000000,0x00000000a8e79970,0x00000000a8e80000)
 Metaspace       used 68708K, committed 70336K, reserved 1114112K
  class space    used 7044K, committed 7744K, reserved 1048576K
}
Event: 29.189 GC heap before
{Heap before GC invocations=801 (full 3):
 PSYoungGen      total 9728K, used 9284K [0x00000000d5580000, 0x00000000d6180000, 0x0000000100000000)
  eden space 7168K, 100% used [0x00000000d5580000,0x00000000d5c80000,0x00000000d5c80000)
  from space 2560K, 82% used [0x00000000d5c80000,0x00000000d5e91010,0x00000000d5f00000)
  to   space 2560K, 0% used [0x00000000d5f00000,0x00000000d5f00000,0x00000000d6180000)
 ParOldGen       total 670208K, used 670182K [0x0000000080000000, 0x00000000a8e80000, 0x00000000d5580000)
  object space 670208K, 99% used [0x0000000080000000,0x00000000a8e79970,0x00000000a8e80000)
 Metaspace       used 68708K, committed 70336K, reserved 1114112K
  class space    used 7044K, committed 7744K, reserved 1048576K
}
Event: 29.192 GC heap after
{Heap after GC invocations=801 (full 3):
 PSYoungGen      total 9728K, used 2244K [0x00000000d5580000, 0x00000000d6300000, 0x0000000100000000)
  eden space 7168K, 0% used [0x00000000d5580000,0x00000000d5580000,0x00000000d5c80000)
  from space 2560K, 87% used [0x00000000d5f00000,0x00000000d6131010,0x00000000d6180000)
  to   space 2560K, 0% used [0x00000000d5c80000,0x00000000d5c80000,0x00000000d5f00000)
 ParOldGen       total 672256K, used 671916K [0x0000000080000000, 0x00000000a9080000, 0x00000000d5580000)
  object space 672256K, 99% used [0x0000000080000000,0x00000000a902b1a8,0x00000000a9080000)
 Metaspace       used 68708K, committed 70336K, reserved 1114112K
  class space    used 7044K, committed 7744K, reserved 1048576K
}
Event: 29.245 GC heap before
{Heap before GC invocations=802 (full 3):
 PSYoungGen      total 9728K, used 9412K [0x00000000d5580000, 0x00000000d6300000, 0x0000000100000000)
  eden space 7168K, 100% used [0x00000000d5580000,0x00000000d5c80000,0x00000000d5c80000)
  from space 2560K, 87% used [0x00000000d5f00000,0x00000000d6131010,0x00000000d6180000)
  to   space 2560K, 0% used [0x00000000d5c80000,0x00000000d5c80000,0x00000000d5f00000)
 ParOldGen       total 672256K, used 671916K [0x0000000080000000, 0x00000000a9080000, 0x00000000d5580000)
  object space 672256K, 99% used [0x0000000080000000,0x00000000a902b1a8,0x00000000a9080000)
 Metaspace       used 68709K, committed 70336K, reserved 1114112K
  class space    used 7044K, committed 7744K, reserved 1048576K
}

