# JRE version: OpenJDK Runtime Environment Temurin-21.0.8+9 (21.0.8+9) (build 21.0.8+9-LTS)
# Java VM: OpenJDK 64-Bit Server VM Temurin-21.0.8+9 (21.0.8+9-LTS, mixed mode, sharing, tiered, compressed oops, compressed class ptrs, parallel gc, windows-amd64)
GC Precious Log:
 CardTable entry size: 512
 CPUs: 8 total, 8 available
 Memory: 7975M
 Large Page Support: Disabled
 NUMA Support: Disabled
 Compressed Oops: Enabled (32-bit)
 Alignments: Space 512K, Generation 512K, Heap 2M
 Heap Min Capacity: 100M
 Heap Initial Capacity: 100M
 Heap Max Capacity: 2G
 Pre-touch: Disabled
 Parallel Workers: 8
Heap:
 PSYoungGen      total 1536K, used 497K [0x00000000d5580000, 0x00000000d5800000, 0x0000000100000000)
  eden space 1024K, 0% used [0x00000000d5580000,0x00000000d5580000,0x00000000d5680000)
  from space 512K, 97% used [0x00000000d5780000,0x00000000d57fc630,0x00000000d5800000)
  to   space 1024K, 0% used [0x00000000d5680000,0x00000000d5680000,0x00000000d5780000)
 ParOldGen       total 701440K, used 701132K [0x0000000080000000, 0x00000000aad00000, 0x00000000d5580000)
  object space 701440K, 99% used [0x0000000080000000,0x00000000aacb31e0,0x00000000aad00000)
 Metaspace       used 68713K, committed 70208K, reserved 1114112K
  class space    used 7045K, committed 7744K, reserved 1048576K
GC Heap History (20 events):
Event: 26.186 GC heap after
{Heap after GC invocations=983 (full 3):
 PSYoungGen      total 2560K, used 626K [0x00000000d5580000, 0x00000000d5980000, 0x0000000100000000)
  eden space 1536K, 0% used [0x00000000d5580000,0x00000000d5580000,0x00000000d5700000)
  from space 1024K, 61% used [0x00000000d5880000,0x00000000d591c808,0x00000000d5980000)
  to   space 1024K, 0% used [0x00000000d5700000,0x00000000d5700000,0x00000000d5800000)
 ParOldGen       total 696832K, used 696642K [0x0000000080000000, 0x00000000aa880000, 0x00000000d5580000)
  object space 696832K, 99% used [0x0000000080000000,0x00000000aa850910,0x00000000aa880000)
 Metaspace       used 68713K, committed 70208K, reserved 1114112K
  class space    used 7045K, committed 7744K, reserved 1048576K
}
Event: 26.195 GC heap before
{Heap before GC invocations=984 (full 3):
 PSYoungGen      total 2560K, used 2162K [0x00000000d5580000, 0x00000000d5980000, 0x0000000100000000)
  eden space 1536K, 100% used [0x00000000d5580000,0x00000000d5700000,0x00000000d5700000)
  from space 1024K, 61% used [0x00000000d5880000,0x00000000d591c808,0x00000000d5980000)
  to   space 1024K, 0% used [0x00000000d5700000,0x00000000d5700000,0x00000000d5800000)
 ParOldGen       total 696832K, used 696642K [0x0000000080000000, 0x00000000aa880000, 0x00000000d5580000)
  object space 696832K, 99% used [0x0000000080000000,0x00000000aa850910,0x00000000aa880000)
 Metaspace       used 68713K, committed 70208K, reserved 1114112K
  class space    used 7045K, committed 7744K, reserved 1048576K
}
Event: 26.197 GC heap after
{Heap after GC invocations=984 (full 3):
 PSYoungGen      total 2560K, used 608K [0x00000000d5580000, 0x00000000d5900000, 0x0000000100000000)
  eden space 1536K, 0% used [0x00000000d5580000,0x00000000d5580000,0x00000000d5700000)
  from space 1024K, 59% used [0x00000000d5700000,0x00000000d5798000,0x00000000d5800000)
  to   space 1024K, 0% used [0x00000000d5800000,0x00000000d5800000,0x00000000d5900000)
 ParOldGen       total 697344K, used 697174K [0x0000000080000000, 0x00000000aa900000, 0x00000000d5580000)
  object space 697344K, 99% used [0x0000000080000000,0x00000000aa8d5a30,0x00000000aa900000)
 Metaspace       used 68713K, committed 70208K, reserved 1114112K
  class space    used 7045K, committed 7744K, reserved 1048576K
}
Event: 26.211 GC heap before
{Heap before GC invocations=985 (full 3):
 PSYoungGen      total 2560K, used 2144K [0x00000000d5580000, 0x00000000d5900000, 0x0000000100000000)
  eden space 1536K, 100% used [0x00000000d5580000,0x00000000d5700000,0x00000000d5700000)
  from space 1024K, 59% used [0x00000000d5700000,0x00000000d5798000,0x00000000d5800000)
  to   space 1024K, 0% used [0x00000000d5800000,0x00000000d5800000,0x00000000d5900000)
 ParOldGen       total 697344K, used 697174K [0x0000000080000000, 0x00000000aa900000, 0x00000000d5580000)
  object space 697344K, 99% used [0x0000000080000000,0x00000000aa8d5a30,0x00000000aa900000)
 Metaspace       used 68713K, committed 70208K, reserved 1114112K
  class space    used 7045K, committed 7744K, reserved 1048576K
}
Event: 26.213 GC heap after
{Heap after GC invocations=985 (full 3):
 PSYoungGen      total 2560K, used 480K [0x00000000d5580000, 0x00000000d5900000, 0x0000000100000000)
  eden space 1536K, 0% used [0x00000000d5580000,0x00000000d5580000,0x00000000d5700000)
  from space 1024K, 46% used [0x00000000d5800000,0x00000000d5878000,0x00000000d5900000)
  to   space 1024K, 0% used [0x00000000d5700000,0x00000000d5700000,0x00000000d5800000)
 ParOldGen       total 697856K, used 697644K [0x0000000080000000, 0x00000000aa980000, 0x00000000d5580000)
  object space 697856K, 99% used [0x0000000080000000,0x00000000aa94b058,0x00000000aa980000)
 Metaspace       used 68713K, committed 70208K, reserved 1114112K
  class space    used 7045K, committed 7744K, reserved 1048576K
}
Event: 26.224 GC heap before
{Heap before GC invocations=986 (full 3):
 PSYoungGen      total 2560K, used 2016K [0x00000000d5580000, 0x00000000d5900000, 0x0000000100000000)
  eden space 1536K, 100% used [0x00000000d5580000,0x00000000d5700000,0x00000000d5700000)
  from space 1024K, 46% used [0x00000000d5800000,0x00000000d5878000,0x00000000d5900000)
  to   space 1024K, 0% used [0x00000000d5700000,0x00000000d5700000,0x00000000d5800000)
 ParOldGen       total 697856K, used 697644K [0x0000000080000000, 0x00000000aa980000, 0x00000000d5580000)
  object space 697856K, 99% used [0x0000000080000000,0x00000000aa94b058,0x00000000aa980000)
 Metaspace       used 68713K, committed 70208K, reserved 1114112K
  class space    used 7045K, committed 7744K, reserved 1048576K
}
Event: 26.225 GC heap after
{Heap after GC invocations=986 (full 3):
 PSYoungGen      total 2560K, used 832K [0x00000000d5580000, 0x00000000d5900000, 0x0000000100000000)
  eden space 1536K, 0% used [0x00000000d5580000,0x00000000d5580000,0x00000000d5700000)
  from space 1024K, 81% used [0x00000000d5700000,0x00000000d57d0000,0x00000000d5800000)
  to   space 1024K, 0% used [0x00000000d5800000,0x00000000d5800000,0x00000000d5900000)
 ParOldGen       total 698368K, used 698065K [0x0000000080000000, 0x00000000aaa00000, 0x00000000d5580000)
  object space 698368K, 99% used [0x0000000080000000,0x00000000aa9b4668,0x00000000aaa00000)
 Metaspace       used 68713K, committed 70208K, reserved 1114112K
  class space    used 7045K, committed 7744K, reserved 1048576K
}
Event: 26.233 GC heap before
{Heap before GC invocations=987 (full 3):
 PSYoungGen      total 2560K, used 2368K [0x00000000d5580000, 0x00000000d5900000, 0x0000000100000000)
  eden space 1536K, 100% used [0x00000000d5580000,0x00000000d5700000,0x00000000d5700000)
  from space 1024K, 81% used [0x00000000d5700000,0x00000000d57d0000,0x00000000d5800000)
  to   space 1024K, 0% used [0x00000000d5800000,0x00000000d5800000,0x00000000d5900000)
 ParOldGen       total 698368K, used 698065K [0x0000000080000000, 0x00000000aaa00000, 0x00000000d5580000)
  object space 698368K, 99% used [0x0000000080000000,0x00000000aa9b4668,0x00000000aaa00000)
 Metaspace       used 68713K, committed 70208K, reserved 1114112K
  class space    used 7045K, committed 7744K, reserved 1048576K
}
Event: 26.235 GC heap after
{Heap after GC invocations=987 (full 3):
 PSYoungGen      total 2560K, used 672K [0x00000000d5580000, 0x00000000d5900000, 0x0000000100000000)
  eden space 1536K, 0% used [0x00000000d5580000,0x00000000d5580000,0x00000000d5700000)
  from space 1024K, 65% used [0x00000000d5800000,0x00000000d58a8000,0x00000000d5900000)
  to   space 1024K, 0% used [0x00000000d5700000,0x00000000d5700000,0x00000000d5800000)
 ParOldGen       total 698880K, used 698562K [0x0000000080000000, 0x00000000aaa80000, 0x00000000d5580000)
  object space 698880K, 99% used [0x0000000080000000,0x00000000aaa30a78,0x00000000aaa80000)
 Metaspace       used 68713K, committed 70208K, reserved 1114112K
  class space    used 7045K, committed 7744K, reserved 1048576K
}
Event: 26.248 GC heap before
{Heap before GC invocations=988 (full 3):
 PSYoungGen      total 2560K, used 2208K [0x00000000d5580000, 0x00000000d5900000, 0x0000000100000000)
  eden space 1536K, 100% used [0x00000000d5580000,0x00000000d5700000,0x00000000d5700000)
  from space 1024K, 65% used [0x00000000d5800000,0x00000000d58a8000,0x00000000d5900000)
  to   space 1024K, 0% used [0x00000000d5700000,0x00000000d5700000,0x00000000d5800000)
 ParOldGen       total 698880K, used 698562K [0x0000000080000000, 0x00000000aaa80000, 0x00000000d5580000)
  object space 698880K, 99% used [0x0000000080000000,0x00000000aaa30a78,0x00000000aaa80000)
 Metaspace       used 68713K, committed 70208K, reserved 1114112K
  class space    used 7045K, committed 7744K, reserved 1048576K
}
Event: 26.251 GC heap after
{Heap after GC invocations=988 (full 3):
 PSYoungGen      total 2560K, used 576K [0x00000000d5580000, 0x00000000d5900000, 0x0000000100000000)
  eden space 1536K, 0% used [0x00000000d5580000,0x00000000d5580000,0x00000000d5700000)
  from space 1024K, 56% used [0x00000000d5700000,0x00000000d5790000,0x00000000d5800000)
  to   space 1024K, 0% used [0x00000000d5800000,0x00000000d5800000,0x00000000d5900000)
 ParOldGen       total 699392K, used 699123K [0x0000000080000000, 0x00000000aab00000, 0x00000000d5580000)
  object space 699392K, 99% used [0x0000000080000000,0x00000000aaabcf60,0x00000000aab00000)
 Metaspace       used 68713K, committed 70208K, reserved 1114112K
  class space    used 7045K, committed 7744K, reserved 1048576K
}
Event: 26.258 GC heap before
{Heap before GC invocations=989 (full 3):
 PSYoungGen      total 2560K, used 2109K [0x00000000d5580000, 0x00000000d5900000, 0x0000000100000000)
  eden space 1536K, 99% used [0x00000000d5580000,0x00000000d56ff4f8,0x00000000d5700000)
  from space 1024K, 56% used [0x00000000d5700000,0x00000000d5790000,0x00000000d5800000)
  to   space 1024K, 0% used [0x00000000d5800000,0x00000000d5800000,0x00000000d5900000)
 ParOldGen       total 699392K, used 699123K [0x0000000080000000, 0x00000000aab00000, 0x00000000d5580000)
  object space 699392K, 99% used [0x0000000080000000,0x00000000aaabcf60,0x00000000aab00000)
 Metaspace       used 68713K, committed 70208K, reserved 1114112K
  class space    used 7045K, committed 7744K, reserved 1048576K
}
Event: 26.260 GC heap after
{Heap after GC invocations=989 (full 3):
 PSYoungGen      total 1536K, used 1024K [0x00000000d5580000, 0x00000000d5b00000, 0x0000000100000000)
  eden space 512K, 0% used [0x00000000d5580000,0x00000000d5580000,0x00000000d5600000)
  from space 1024K, 100% used [0x00000000d5800000,0x00000000d5900000,0x00000000d5900000)
  to   space 2048K, 0% used [0x00000000d5600000,0x00000000d5600000,0x00000000d5800000)
 ParOldGen       total 699904K, used 699602K [0x0000000080000000, 0x00000000aab80000, 0x00000000d5580000)
  object space 699904K, 99% used [0x0000000080000000,0x00000000aab34840,0x00000000aab80000)
 Metaspace       used 68713K, committed 70208K, reserved 1114112K
  class space    used 7045K, committed 7744K, reserved 1048576K
}
Event: 26.269 GC heap before
{Heap before GC invocations=990 (full 3):
 PSYoungGen      total 1536K, used 1528K [0x00000000d5580000, 0x00000000d5b00000, 0x0000000100000000)
  eden space 512K, 98% used [0x00000000d5580000,0x00000000d55fe378,0x00000000d5600000)
  from space 1024K, 100% used [0x00000000d5800000,0x00000000d5900000,0x00000000d5900000)
  to   space 2048K, 0% used [0x00000000d5600000,0x00000000d5600000,0x00000000d5800000)
 ParOldGen       total 699904K, used 699602K [0x0000000080000000, 0x00000000aab80000, 0x00000000d5580000)
  object space 699904K, 99% used [0x0000000080000000,0x00000000aab34840,0x00000000aab80000)
 Metaspace       used 68713K, committed 70208K, reserved 1114112K
  class space    used 7045K, committed 7744K, reserved 1048576K
}
Event: 26.270 GC heap after
{Heap after GC invocations=990 (full 3):
 PSYoungGen      total 1024K, used 274K [0x00000000d5580000, 0x00000000d5880000, 0x0000000100000000)
  eden space 512K, 0% used [0x00000000d5580000,0x00000000d5580000,0x00000000d5600000)
  from space 512K, 53% used [0x00000000d5600000,0x00000000d5644808,0x00000000d5680000)
  to   space 1024K, 0% used [0x00000000d5780000,0x00000000d5780000,0x00000000d5880000)
 ParOldGen       total 700416K, used 700105K [0x0000000080000000, 0x00000000aac00000, 0x00000000d5580000)
  object space 700416K, 99% used [0x0000000080000000,0x00000000aabb2720,0x00000000aac00000)
 Metaspace       used 68713K, committed 70208K, reserved 1114112K
  class space    used 7045K, committed 7744K, reserved 1048576K
}
Event: 26.274 GC heap before
{Heap before GC invocations=991 (full 3):
 PSYoungGen      total 1024K, used 786K [0x00000000d5580000, 0x00000000d5880000, 0x0000000100000000)
  eden space 512K, 100% used [0x00000000d5580000,0x00000000d5600000,0x00000000d5600000)
  from space 512K, 53% used [0x00000000d5600000,0x00000000d5644808,0x00000000d5680000)
  to   space 1024K, 0% used [0x00000000d5780000,0x00000000d5780000,0x00000000d5880000)
 ParOldGen       total 700416K, used 700105K [0x0000000080000000, 0x00000000aac00000, 0x00000000d5580000)
  object space 700416K, 99% used [0x0000000080000000,0x00000000aabb2720,0x00000000aac00000)
 Metaspace       used 68713K, committed 70208K, reserved 1114112K
  class space    used 7045K, committed 7744K, reserved 1048576K
}
Event: 26.275 GC heap after
{Heap after GC invocations=991 (full 3):
 PSYoungGen      total 1536K, used 544K [0x00000000d5580000, 0x00000000d5880000, 0x0000000100000000)
  eden space 512K, 0% used [0x00000000d5580000,0x00000000d5580000,0x00000000d5600000)
  from space 1024K, 53% used [0x00000000d5780000,0x00000000d5808000,0x00000000d5880000)
  to   space 1024K, 0% used [0x00000000d5680000,0x00000000d5680000,0x00000000d5780000)
 ParOldGen       total 700416K, used 700269K [0x0000000080000000, 0x00000000aac00000, 0x00000000d5580000)
  object space 700416K, 99% used [0x0000000080000000,0x00000000aabdb708,0x00000000aac00000)
 Metaspace       used 68713K, committed 70208K, reserved 1114112K
  class space    used 7045K, committed 7744K, reserved 1048576K
}
Event: 26.280 GC heap before
{Heap before GC invocations=992 (full 3):
 PSYoungGen      total 1536K, used 1056K [0x00000000d5580000, 0x00000000d5880000, 0x0000000100000000)
  eden space 512K, 100% used [0x00000000d5580000,0x00000000d5600000,0x00000000d5600000)
  from space 1024K, 53% used [0x00000000d5780000,0x00000000d5808000,0x00000000d5880000)
  to   space 1024K, 0% used [0x00000000d5680000,0x00000000d5680000,0x00000000d5780000)
 ParOldGen       total 700416K, used 700269K [0x0000000080000000, 0x00000000aac00000, 0x00000000d5580000)
  object space 700416K, 99% used [0x0000000080000000,0x00000000aabdb708,0x00000000aac00000)
 Metaspace       used 68713K, committed 70208K, reserved 1114112K
  class space    used 7045K, committed 7744K, reserved 1048576K
}
Event: 26.282 GC heap after
{Heap after GC invocations=992 (full 3):
 PSYoungGen      total 2048K, used 352K [0x00000000d5580000, 0x00000000d5800000, 0x0000000100000000)
  eden space 1024K, 0% used [0x00000000d5580000,0x00000000d5580000,0x00000000d5680000)
  from space 1024K, 34% used [0x00000000d5680000,0x00000000d56d8000,0x00000000d5780000)
  to   space 512K, 0% used [0x00000000d5780000,0x00000000d5780000,0x00000000d5800000)
 ParOldGen       total 700928K, used 700675K [0x0000000080000000, 0x00000000aac80000, 0x00000000d5580000)
  object space 700928K, 99% used [0x0000000080000000,0x00000000aac40dc0,0x00000000aac80000)
 Metaspace       used 68713K, committed 70208K, reserved 1114112K
  class space    used 7045K, committed 7744K, reserved 1048576K
}
Event: 26.284 GC heap before
{Heap before GC invocations=993 (full 3):
 PSYoungGen      total 2048K, used 1376K [0x00000000d5580000, 0x00000000d5800000, 0x0000000100000000)
  eden space 1024K, 100% used [0x00000000d5580000,0x00000000d5680000,0x00000000d5680000)
  from space 1024K, 34% used [0x00000000d5680000,0x00000000d56d8000,0x00000000d5780000)
  to   space 512K, 0% used [0x00000000d5780000,0x00000000d5780000,0x00000000d5800000)
 ParOldGen       total 700928K, used 700675K [0x0000000080000000, 0x00000000aac80000, 0x00000000d5580000)
  object space 700928K, 99% used [0x0000000080000000,0x00000000aac40dc0,0x00000000aac80000)
 Metaspace       used 68713K, committed 70208K, reserved 1114112K
  class space    used 7045K, committed 7744K, reserved 1048576K
}

