# JRE version: OpenJDK Runtime Environment Temurin-21.0.8+9 (21.0.8+9) (build 21.0.8+9-LTS)
# Java VM: OpenJDK 64-Bit Server VM Temurin-21.0.8+9 (21.0.8+9-LTS, mixed mode, sharing, tiered, compressed oops, compressed class ptrs, parallel gc, windows-amd64)
GC Precious Log:
 CardTable entry size: 512
 CPUs: 8 total, 8 available
 Memory: 7975M
 Large Page Support: Disabled
 NUMA Support: Disabled
 Compressed Oops: Enabled (32-bit)
 Alignments: Space 512K, Generation 512K, Heap 2M
 Heap Min Capacity: 100M
 Heap Initial Capacity: 100M
 Heap Max Capacity: 2G
 Pre-touch: Disabled
 Parallel Workers: 8
Heap:
 PSYoungGen      total 13824K, used 2826K [0x00000000d5580000, 0x00000000d6500000, 0x0000000100000000)
  eden space 13312K, 19% used [0x00000000d5580000,0x00000000d57fab60,0x00000000d6280000)
  from space 512K, 56% used [0x00000000d6480000,0x00000000d64c8020,0x00000000d6500000)
  to   space 512K, 0% used [0x00000000d6400000,0x00000000d6400000,0x00000000d6480000)
 ParOldGen       total 795136K, used 249466K [0x0000000080000000, 0x00000000b0880000, 0x00000000d5580000)
  object space 795136K, 31% used [0x0000000080000000,0x000000008f39e818,0x00000000b0880000)
 Metaspace       used 81769K, committed 83392K, reserved 1179648K
  class space    used 8577K, committed 9280K, reserved 1048576K
GC Heap History (20 events):
Event: 304.470 GC heap before
{Heap before GC invocations=1151 (full 3):
 PSYoungGen      total 14336K, used 13664K [0x00000000d5580000, 0x00000000d6500000, 0x0000000100000000)
  eden space 13312K, 100% used [0x00000000d5580000,0x00000000d6280000,0x00000000d6280000)
  from space 1024K, 34% used [0x00000000d6300000,0x00000000d6358000,0x00000000d6400000)
  to   space 512K, 0% used [0x00000000d6480000,0x00000000d6480000,0x00000000d6500000)
 ParOldGen       total 794112K, used 793908K [0x0000000080000000, 0x00000000b0780000, 0x00000000d5580000)
  object space 794112K, 99% used [0x0000000080000000,0x00000000b074d200,0x00000000b0780000)
 Metaspace       used 79283K, committed 80896K, reserved 1179648K
  class space    used 8239K, committed 8960K, reserved 1048576K
}
Event: 304.472 GC heap after
{Heap after GC invocations=1151 (full 3):
 PSYoungGen      total 13824K, used 449K [0x00000000d5580000, 0x00000000d6500000, 0x0000000100000000)
  eden space 13312K, 0% used [0x00000000d5580000,0x00000000d5580000,0x00000000d6280000)
  from space 512K, 87% used [0x00000000d6480000,0x00000000d64f05e0,0x00000000d6500000)
  to   space 512K, 0% used [0x00000000d6400000,0x00000000d6400000,0x00000000d6480000)
 ParOldGen       total 794112K, used 794044K [0x0000000080000000, 0x00000000b0780000, 0x00000000d5580000)
  object space 794112K, 99% used [0x0000000080000000,0x00000000b076f210,0x00000000b0780000)
 Metaspace       used 79283K, committed 80896K, reserved 1179648K
  class space    used 8239K, committed 8960K, reserved 1048576K
}
Event: 368.178 GC heap before
{Heap before GC invocations=1152 (full 3):
 PSYoungGen      total 13824K, used 13757K [0x00000000d5580000, 0x00000000d6500000, 0x0000000100000000)
  eden space 13312K, 99% used [0x00000000d5580000,0x00000000d627f1a8,0x00000000d6280000)
  from space 512K, 87% used [0x00000000d6480000,0x00000000d64f05e0,0x00000000d6500000)
  to   space 512K, 0% used [0x00000000d6400000,0x00000000d6400000,0x00000000d6480000)
 ParOldGen       total 794112K, used 794044K [0x0000000080000000, 0x00000000b0780000, 0x00000000d5580000)
  object space 794112K, 99% used [0x0000000080000000,0x00000000b076f210,0x00000000b0780000)
 Metaspace       used 80790K, committed 82432K, reserved 1179648K
  class space    used 8454K, committed 9152K, reserved 1048576K
}
Event: 368.184 GC heap after
{Heap after GC invocations=1152 (full 3):
 PSYoungGen      total 13824K, used 512K [0x00000000d5580000, 0x00000000d6500000, 0x0000000100000000)
  eden space 13312K, 0% used [0x00000000d5580000,0x00000000d5580000,0x00000000d6280000)
  from space 512K, 100% used [0x00000000d6400000,0x00000000d6480000,0x00000000d6480000)
  to   space 512K, 0% used [0x00000000d6480000,0x00000000d6480000,0x00000000d6500000)
 ParOldGen       total 794624K, used 794283K [0x0000000080000000, 0x00000000b0800000, 0x00000000d5580000)
  object space 794624K, 99% used [0x0000000080000000,0x00000000b07aadd8,0x00000000b0800000)
 Metaspace       used 80790K, committed 82432K, reserved 1179648K
  class space    used 8454K, committed 9152K, reserved 1048576K
}
Event: 368.242 GC heap before
{Heap before GC invocations=1153 (full 3):
 PSYoungGen      total 13824K, used 2983K [0x00000000d5580000, 0x00000000d6500000, 0x0000000100000000)
  eden space 13312K, 18% used [0x00000000d5580000,0x00000000d57e9c78,0x00000000d6280000)
  from space 512K, 100% used [0x00000000d6400000,0x00000000d6480000,0x00000000d6480000)
  to   space 512K, 0% used [0x00000000d6480000,0x00000000d6480000,0x00000000d6500000)
 ParOldGen       total 794624K, used 794283K [0x0000000080000000, 0x00000000b0800000, 0x00000000d5580000)
  object space 794624K, 99% used [0x0000000080000000,0x00000000b07aadd8,0x00000000b0800000)
 Metaspace       used 80814K, committed 82432K, reserved 1179648K
  class space    used 8454K, committed 9152K, reserved 1048576K
}
Event: 368.245 GC heap after
{Heap after GC invocations=1153 (full 3):
 PSYoungGen      total 13824K, used 298K [0x00000000d5580000, 0x00000000d6500000, 0x0000000100000000)
  eden space 13312K, 0% used [0x00000000d5580000,0x00000000d5580000,0x00000000d6280000)
  from space 512K, 58% used [0x00000000d6480000,0x00000000d64ca910,0x00000000d6500000)
  to   space 512K, 0% used [0x00000000d6400000,0x00000000d6400000,0x00000000d6480000)
 ParOldGen       total 795136K, used 794691K [0x0000000080000000, 0x00000000b0880000, 0x00000000d5580000)
  object space 795136K, 99% used [0x0000000080000000,0x00000000b0810dd8,0x00000000b0880000)
 Metaspace       used 80814K, committed 82432K, reserved 1179648K
  class space    used 8454K, committed 9152K, reserved 1048576K
}
Event: 368.245 GC heap before
{Heap before GC invocations=1154 (full 4):
 PSYoungGen      total 13824K, used 298K [0x00000000d5580000, 0x00000000d6500000, 0x0000000100000000)
  eden space 13312K, 0% used [0x00000000d5580000,0x00000000d5580000,0x00000000d6280000)
  from space 512K, 58% used [0x00000000d6480000,0x00000000d64ca910,0x00000000d6500000)
  to   space 512K, 0% used [0x00000000d6400000,0x00000000d6400000,0x00000000d6480000)
 ParOldGen       total 795136K, used 794691K [0x0000000080000000, 0x00000000b0880000, 0x00000000d5580000)
  object space 795136K, 99% used [0x0000000080000000,0x00000000b0810dd8,0x00000000b0880000)
 Metaspace       used 80814K, committed 82432K, reserved 1179648K
  class space    used 8454K, committed 9152K, reserved 1048576K
}
Event: 369.840 GC heap after
{Heap after GC invocations=1154 (full 4):
 PSYoungGen      total 13824K, used 0K [0x00000000d5580000, 0x00000000d6500000, 0x0000000100000000)
  eden space 13312K, 0% used [0x00000000d5580000,0x00000000d5580000,0x00000000d6280000)
  from space 512K, 0% used [0x00000000d6480000,0x00000000d6480000,0x00000000d6500000)
  to   space 512K, 0% used [0x00000000d6400000,0x00000000d6400000,0x00000000d6480000)
 ParOldGen       total 795136K, used 245902K [0x0000000080000000, 0x00000000b0880000, 0x00000000d5580000)
  object space 795136K, 30% used [0x0000000080000000,0x000000008f023a88,0x00000000b0880000)
 Metaspace       used 80807K, committed 82432K, reserved 1179648K
  class space    used 8452K, committed 9152K, reserved 1048576K
}
Event: 369.893 GC heap before
{Heap before GC invocations=1155 (full 4):
 PSYoungGen      total 13824K, used 13312K [0x00000000d5580000, 0x00000000d6500000, 0x0000000100000000)
  eden space 13312K, 100% used [0x00000000d5580000,0x00000000d6280000,0x00000000d6280000)
  from space 512K, 0% used [0x00000000d6480000,0x00000000d6480000,0x00000000d6500000)
  to   space 512K, 0% used [0x00000000d6400000,0x00000000d6400000,0x00000000d6480000)
 ParOldGen       total 795136K, used 245902K [0x0000000080000000, 0x00000000b0880000, 0x00000000d5580000)
  object space 795136K, 30% used [0x0000000080000000,0x000000008f023a88,0x00000000b0880000)
 Metaspace       used 80819K, committed 82432K, reserved 1179648K
  class space    used 8453K, committed 9152K, reserved 1048576K
}
Event: 369.896 GC heap after
{Heap after GC invocations=1155 (full 4):
 PSYoungGen      total 13824K, used 483K [0x00000000d5580000, 0x00000000d6580000, 0x0000000100000000)
  eden space 13312K, 0% used [0x00000000d5580000,0x00000000d5580000,0x00000000d6280000)
  from space 512K, 94% used [0x00000000d6400000,0x00000000d6478c00,0x00000000d6480000)
  to   space 1024K, 0% used [0x00000000d6480000,0x00000000d6480000,0x00000000d6580000)
 ParOldGen       total 795136K, used 246767K [0x0000000080000000, 0x00000000b0880000, 0x00000000d5580000)
  object space 795136K, 31% used [0x0000000080000000,0x000000008f0fbea8,0x00000000b0880000)
 Metaspace       used 80819K, committed 82432K, reserved 1179648K
  class space    used 8453K, committed 9152K, reserved 1048576K
}
Event: 370.000 GC heap before
{Heap before GC invocations=1156 (full 4):
 PSYoungGen      total 13824K, used 13795K [0x00000000d5580000, 0x00000000d6580000, 0x0000000100000000)
  eden space 13312K, 100% used [0x00000000d5580000,0x00000000d6280000,0x00000000d6280000)
  from space 512K, 94% used [0x00000000d6400000,0x00000000d6478c00,0x00000000d6480000)
  to   space 1024K, 0% used [0x00000000d6480000,0x00000000d6480000,0x00000000d6580000)
 ParOldGen       total 795136K, used 246767K [0x0000000080000000, 0x00000000b0880000, 0x00000000d5580000)
  object space 795136K, 31% used [0x0000000080000000,0x000000008f0fbea8,0x00000000b0880000)
 Metaspace       used 81314K, committed 82880K, reserved 1179648K
  class space    used 8520K, committed 9216K, reserved 1048576K
}
Event: 370.002 GC heap after
{Heap after GC invocations=1156 (full 4):
 PSYoungGen      total 14336K, used 1012K [0x00000000d5580000, 0x00000000d6680000, 0x0000000100000000)
  eden space 13312K, 0% used [0x00000000d5580000,0x00000000d5580000,0x00000000d6280000)
  from space 1024K, 98% used [0x00000000d6480000,0x00000000d657d210,0x00000000d6580000)
  to   space 2048K, 0% used [0x00000000d6280000,0x00000000d6280000,0x00000000d6480000)
 ParOldGen       total 795136K, used 247308K [0x0000000080000000, 0x00000000b0880000, 0x00000000d5580000)
  object space 795136K, 31% used [0x0000000080000000,0x000000008f183148,0x00000000b0880000)
 Metaspace       used 81314K, committed 82880K, reserved 1179648K
  class space    used 8520K, committed 9216K, reserved 1048576K
}
Event: 486.842 GC heap before
{Heap before GC invocations=1157 (full 4):
 PSYoungGen      total 14336K, used 14324K [0x00000000d5580000, 0x00000000d6680000, 0x0000000100000000)
  eden space 13312K, 100% used [0x00000000d5580000,0x00000000d6280000,0x00000000d6280000)
  from space 1024K, 98% used [0x00000000d6480000,0x00000000d657d210,0x00000000d6580000)
  to   space 2048K, 0% used [0x00000000d6280000,0x00000000d6280000,0x00000000d6480000)
 ParOldGen       total 795136K, used 247308K [0x0000000080000000, 0x00000000b0880000, 0x00000000d5580000)
  object space 795136K, 31% used [0x0000000080000000,0x000000008f183148,0x00000000b0880000)
 Metaspace       used 81386K, committed 82944K, reserved 1179648K
  class space    used 8524K, committed 9216K, reserved 1048576K
}
Event: 486.850 GC heap after
{Heap after GC invocations=1157 (full 4):
 PSYoungGen      total 15360K, used 1641K [0x00000000d5580000, 0x00000000d6680000, 0x0000000100000000)
  eden space 13312K, 0% used [0x00000000d5580000,0x00000000d5580000,0x00000000d6280000)
  from space 2048K, 80% used [0x00000000d6280000,0x00000000d641a400,0x00000000d6480000)
  to   space 2048K, 0% used [0x00000000d6480000,0x00000000d6480000,0x00000000d6680000)
 ParOldGen       total 795136K, used 248349K [0x0000000080000000, 0x00000000b0880000, 0x00000000d5580000)
  object space 795136K, 31% used [0x0000000080000000,0x000000008f2875d8,0x00000000b0880000)
 Metaspace       used 81386K, committed 82944K, reserved 1179648K
  class space    used 8524K, committed 9216K, reserved 1048576K
}
Event: 490.072 GC heap before
{Heap before GC invocations=1158 (full 4):
 PSYoungGen      total 15360K, used 14953K [0x00000000d5580000, 0x00000000d6680000, 0x0000000100000000)
  eden space 13312K, 100% used [0x00000000d5580000,0x00000000d6280000,0x00000000d6280000)
  from space 2048K, 80% used [0x00000000d6280000,0x00000000d641a400,0x00000000d6480000)
  to   space 2048K, 0% used [0x00000000d6480000,0x00000000d6480000,0x00000000d6680000)
 ParOldGen       total 795136K, used 248349K [0x0000000080000000, 0x00000000b0880000, 0x00000000d5580000)
  object space 795136K, 31% used [0x0000000080000000,0x000000008f2875d8,0x00000000b0880000)
 Metaspace       used 81646K, committed 83264K, reserved 1179648K
  class space    used 8577K, committed 9280K, reserved 1048576K
}
Event: 490.076 GC heap after
{Heap after GC invocations=1158 (full 4):
 PSYoungGen      total 13824K, used 320K [0x00000000d5580000, 0x00000000d6500000, 0x0000000100000000)
  eden space 13312K, 0% used [0x00000000d5580000,0x00000000d5580000,0x00000000d6280000)
  from space 512K, 62% used [0x00000000d6480000,0x00000000d64d0020,0x00000000d6500000)
  to   space 1024K, 0% used [0x00000000d6300000,0x00000000d6300000,0x00000000d6400000)
 ParOldGen       total 795136K, used 249241K [0x0000000080000000, 0x00000000b0880000, 0x00000000d5580000)
  object space 795136K, 31% used [0x0000000080000000,0x000000008f3667e8,0x00000000b0880000)
 Metaspace       used 81646K, committed 83264K, reserved 1179648K
  class space    used 8577K, committed 9280K, reserved 1048576K
}
Event: 547.789 GC heap before
{Heap before GC invocations=1159 (full 4):
 PSYoungGen      total 13824K, used 13063K [0x00000000d5580000, 0x00000000d6500000, 0x0000000100000000)
  eden space 13312K, 95% used [0x00000000d5580000,0x00000000d61f1c00,0x00000000d6280000)
  from space 512K, 62% used [0x00000000d6480000,0x00000000d64d0020,0x00000000d6500000)
  to   space 1024K, 0% used [0x00000000d6300000,0x00000000d6300000,0x00000000d6400000)
 ParOldGen       total 795136K, used 249241K [0x0000000080000000, 0x00000000b0880000, 0x00000000d5580000)
  object space 795136K, 31% used [0x0000000080000000,0x000000008f3667e8,0x00000000b0880000)
 Metaspace       used 81727K, committed 83392K, reserved 1179648K
  class space    used 8577K, committed 9280K, reserved 1048576K
}
Event: 547.791 GC heap after
{Heap after GC invocations=1159 (full 4):
 PSYoungGen      total 14336K, used 256K [0x00000000d5580000, 0x00000000d6500000, 0x0000000100000000)
  eden space 13312K, 0% used [0x00000000d5580000,0x00000000d5580000,0x00000000d6280000)
  from space 1024K, 25% used [0x00000000d6300000,0x00000000d6340000,0x00000000d6400000)
  to   space 512K, 0% used [0x00000000d6480000,0x00000000d6480000,0x00000000d6500000)
 ParOldGen       total 795136K, used 249394K [0x0000000080000000, 0x00000000b0880000, 0x00000000d5580000)
  object space 795136K, 31% used [0x0000000080000000,0x000000008f38c808,0x00000000b0880000)
 Metaspace       used 81727K, committed 83392K, reserved 1179648K
  class space    used 8577K, committed 9280K, reserved 1048576K
}
Event: 8652.732 GC heap before
{Heap before GC invocations=1160 (full 4):
 PSYoungGen      total 14336K, used 13568K [0x00000000d5580000, 0x00000000d6500000, 0x0000000100000000)
  eden space 13312K, 100% used [0x00000000d5580000,0x00000000d6280000,0x00000000d6280000)
  from space 1024K, 25% used [0x00000000d6300000,0x00000000d6340000,0x00000000d6400000)
  to   space 512K, 0% used [0x00000000d6480000,0x00000000d6480000,0x00000000d6500000)
 ParOldGen       total 795136K, used 249394K [0x0000000080000000, 0x00000000b0880000, 0x00000000d5580000)
  object space 795136K, 31% used [0x0000000080000000,0x000000008f38c808,0x00000000b0880000)
 Metaspace       used 81748K, committed 83392K, reserved 1179648K
  class space    used 8577K, committed 9280K, reserved 1048576K
}
Event: 8652.844 GC heap after
{Heap after GC invocations=1160 (full 4):
 PSYoungGen      total 13824K, used 288K [0x00000000d5580000, 0x00000000d6500000, 0x0000000100000000)
  eden space 13312K, 0% used [0x00000000d5580000,0x00000000d5580000,0x00000000d6280000)
  from space 512K, 56% used [0x00000000d6480000,0x00000000d64c8020,0x00000000d6500000)
  to   space 512K, 0% used [0x00000000d6400000,0x00000000d6400000,0x00000000d6480000)
 ParOldGen       total 795136K, used 249466K [0x0000000080000000, 0x00000000b0880000, 0x00000000d5580000)
  object space 795136K, 31% used [0x0000000080000000,0x000000008f39e818,0x00000000b0880000)
 Metaspace       used 81748K, committed 83392K, reserved 1179648K
  class space    used 8577K, committed 9280K, reserved 1048576K
}

