# JRE version: OpenJDK Runtime Environment Temurin-21.0.8+9 (21.0.8+9) (build 21.0.8+9-LTS)
# Java VM: OpenJDK 64-Bit Server VM Temurin-21.0.8+9 (21.0.8+9-LTS, mixed mode, sharing, tiered, compressed oops, compressed class ptrs, parallel gc, windows-amd64)
GC Precious Log:
 CardTable entry size: 512
 CPUs: 8 total, 8 available
 Memory: 7975M
 Large Page Support: Disabled
 NUMA Support: Disabled
 Compressed Oops: Enabled (32-bit)
 Alignments: Space 512K, Generation 512K, Heap 2M
 Heap Min Capacity: 100M
 Heap Initial Capacity: 100M
 Heap Max Capacity: 2G
 Pre-touch: Disabled
 Parallel Workers: 8
Heap:
 PSYoungGen      total 6656K, used 6382K [0x00000000d5580000, 0x00000000d5f00000, 0x0000000100000000)
  eden space 6144K, 95% used [0x00000000d5580000,0x00000000d5b3bad0,0x00000000d5b80000)
  from space 512K, 100% used [0x00000000d5e80000,0x00000000d5f00000,0x00000000d5f00000)
  to   space 1536K, 0% used [0x00000000d5c00000,0x00000000d5c00000,0x00000000d5d80000)
 ParOldGen       total 687616K, used 687131K [0x0000000080000000, 0x00000000a9f80000, 0x00000000d5580000)
  object space 687616K, 99% used [0x0000000080000000,0x00000000a9f06f00,0x00000000a9f80000)
 Metaspace       used 68988K, committed 70592K, reserved 1114112K
  class space    used 7062K, committed 7808K, reserved 1048576K
GC Heap History (20 events):
Event: 30.733 GC heap before
{Heap before GC invocations=860 (full 3):
 PSYoungGen      total 5632K, used 5618K [0x00000000d5580000, 0x00000000d6200000, 0x0000000100000000)
  eden space 4608K, 100% used [0x00000000d5580000,0x00000000d5a00000,0x00000000d5a00000)
  from space 1024K, 98% used [0x00000000d5f80000,0x00000000d607c808,0x00000000d6080000)
  to   space 4096K, 0% used [0x00000000d5a00000,0x00000000d5a00000,0x00000000d5e00000)
 ParOldGen       total 669184K, used 668826K [0x0000000080000000, 0x00000000a8d80000, 0x00000000d5580000)
  object space 669184K, 99% used [0x0000000080000000,0x00000000a8d26988,0x00000000a8d80000)
 Metaspace       used 68639K, committed 70272K, reserved 1114112K
  class space    used 7042K, committed 7808K, reserved 1048576K
}
Event: 30.737 GC heap after
{Heap after GC invocations=860 (full 3):
 PSYoungGen      total 6656K, used 1650K [0x00000000d5580000, 0x00000000d6000000, 0x0000000100000000)
  eden space 4608K, 0% used [0x00000000d5580000,0x00000000d5580000,0x00000000d5a00000)
  from space 2048K, 80% used [0x00000000d5a00000,0x00000000d5b9c808,0x00000000d5c00000)
  to   space 2560K, 0% used [0x00000000d5d80000,0x00000000d5d80000,0x00000000d6000000)
 ParOldGen       total 670208K, used 669858K [0x0000000080000000, 0x00000000a8e80000, 0x00000000d5580000)
  object space 670208K, 99% used [0x0000000080000000,0x00000000a8e28930,0x00000000a8e80000)
 Metaspace       used 68639K, committed 70272K, reserved 1114112K
  class space    used 7042K, committed 7808K, reserved 1048576K
}
Event: 30.759 GC heap before
{Heap before GC invocations=861 (full 3):
 PSYoungGen      total 6656K, used 6258K [0x00000000d5580000, 0x00000000d6000000, 0x0000000100000000)
  eden space 4608K, 100% used [0x00000000d5580000,0x00000000d5a00000,0x00000000d5a00000)
  from space 2048K, 80% used [0x00000000d5a00000,0x00000000d5b9c808,0x00000000d5c00000)
  to   space 2560K, 0% used [0x00000000d5d80000,0x00000000d5d80000,0x00000000d6000000)
 ParOldGen       total 670208K, used 669858K [0x0000000080000000, 0x00000000a8e80000, 0x00000000d5580000)
  object space 670208K, 99% used [0x0000000080000000,0x00000000a8e28930,0x00000000a8e80000)
 Metaspace       used 68639K, committed 70272K, reserved 1114112K
  class space    used 7042K, committed 7808K, reserved 1048576K
}
Event: 30.761 GC heap after
{Heap after GC invocations=861 (full 3):
 PSYoungGen      total 6656K, used 1941K [0x00000000d5580000, 0x00000000d5f80000, 0x0000000100000000)
  eden space 4608K, 0% used [0x00000000d5580000,0x00000000d5580000,0x00000000d5a00000)
  from space 2048K, 94% used [0x00000000d5d80000,0x00000000d5f65468,0x00000000d5f80000)
  to   space 2048K, 0% used [0x00000000d5a00000,0x00000000d5a00000,0x00000000d5c00000)
 ParOldGen       total 671744K, used 671340K [0x0000000080000000, 0x00000000a9000000, 0x00000000d5580000)
  object space 671744K, 99% used [0x0000000080000000,0x00000000a8f9b1f0,0x00000000a9000000)
 Metaspace       used 68639K, committed 70272K, reserved 1114112K
  class space    used 7042K, committed 7808K, reserved 1048576K
}
Event: 30.776 GC heap before
{Heap before GC invocations=862 (full 3):
 PSYoungGen      total 6656K, used 5781K [0x00000000d5580000, 0x00000000d5f80000, 0x0000000100000000)
  eden space 4608K, 83% used [0x00000000d5580000,0x00000000d593ffe0,0x00000000d5a00000)
  from space 2048K, 94% used [0x00000000d5d80000,0x00000000d5f65468,0x00000000d5f80000)
  to   space 2048K, 0% used [0x00000000d5a00000,0x00000000d5a00000,0x00000000d5c00000)
 ParOldGen       total 671744K, used 671340K [0x0000000080000000, 0x00000000a9000000, 0x00000000d5580000)
  object space 671744K, 99% used [0x0000000080000000,0x00000000a8f9b1f0,0x00000000a9000000)
 Metaspace       used 68640K, committed 70272K, reserved 1114112K
  class space    used 7042K, committed 7808K, reserved 1048576K
}
Event: 30.779 GC heap after
{Heap after GC invocations=862 (full 3):
 PSYoungGen      total 6656K, used 1462K [0x00000000d5580000, 0x00000000d5e00000, 0x0000000100000000)
  eden space 4608K, 0% used [0x00000000d5580000,0x00000000d5580000,0x00000000d5a00000)
  from space 2048K, 71% used [0x00000000d5a00000,0x00000000d5b6d810,0x00000000d5c00000)
  to   space 2048K, 0% used [0x00000000d5c00000,0x00000000d5c00000,0x00000000d5e00000)
 ParOldGen       total 672768K, used 672726K [0x0000000080000000, 0x00000000a9100000, 0x00000000d5580000)
  object space 672768K, 99% used [0x0000000080000000,0x00000000a90f5b38,0x00000000a9100000)
 Metaspace       used 68640K, committed 70272K, reserved 1114112K
  class space    used 7042K, committed 7808K, reserved 1048576K
}
Event: 30.810 GC heap before
{Heap before GC invocations=863 (full 3):
 PSYoungGen      total 6656K, used 6070K [0x00000000d5580000, 0x00000000d5e00000, 0x0000000100000000)
  eden space 4608K, 100% used [0x00000000d5580000,0x00000000d5a00000,0x00000000d5a00000)
  from space 2048K, 71% used [0x00000000d5a00000,0x00000000d5b6d810,0x00000000d5c00000)
  to   space 2048K, 0% used [0x00000000d5c00000,0x00000000d5c00000,0x00000000d5e00000)
 ParOldGen       total 672768K, used 672726K [0x0000000080000000, 0x00000000a9100000, 0x00000000d5580000)
  object space 672768K, 99% used [0x0000000080000000,0x00000000a90f5b38,0x00000000a9100000)
 Metaspace       used 68640K, committed 70272K, reserved 1114112K
  class space    used 7042K, committed 7808K, reserved 1048576K
}
Event: 30.813 GC heap after
{Heap after GC invocations=863 (full 3):
 PSYoungGen      total 6144K, used 1984K [0x00000000d5580000, 0x00000000d5f00000, 0x0000000100000000)
  eden space 4096K, 0% used [0x00000000d5580000,0x00000000d5580000,0x00000000d5980000)
  from space 2048K, 96% used [0x00000000d5c00000,0x00000000d5df0008,0x00000000d5e00000)
  to   space 2560K, 0% used [0x00000000d5980000,0x00000000d5980000,0x00000000d5c00000)
 ParOldGen       total 674304K, used 673970K [0x0000000080000000, 0x00000000a9280000, 0x00000000d5580000)
  object space 674304K, 99% used [0x0000000080000000,0x00000000a922c888,0x00000000a9280000)
 Metaspace       used 68640K, committed 70272K, reserved 1114112K
  class space    used 7042K, committed 7808K, reserved 1048576K
}
Event: 30.838 GC heap before
{Heap before GC invocations=864 (full 3):
 PSYoungGen      total 6144K, used 6080K [0x00000000d5580000, 0x00000000d5f00000, 0x0000000100000000)
  eden space 4096K, 100% used [0x00000000d5580000,0x00000000d5980000,0x00000000d5980000)
  from space 2048K, 96% used [0x00000000d5c00000,0x00000000d5df0008,0x00000000d5e00000)
  to   space 2560K, 0% used [0x00000000d5980000,0x00000000d5980000,0x00000000d5c00000)
 ParOldGen       total 674304K, used 673970K [0x0000000080000000, 0x00000000a9280000, 0x00000000d5580000)
  object space 674304K, 99% used [0x0000000080000000,0x00000000a922c888,0x00000000a9280000)
 Metaspace       used 68640K, committed 70272K, reserved 1114112K
  class space    used 7042K, committed 7808K, reserved 1048576K
}
Event: 30.841 GC heap after
{Heap after GC invocations=864 (full 3):
 PSYoungGen      total 5632K, used 1440K [0x00000000d5580000, 0x00000000d5d80000, 0x0000000100000000)
  eden space 4096K, 0% used [0x00000000d5580000,0x00000000d5580000,0x00000000d5980000)
  from space 1536K, 93% used [0x00000000d5980000,0x00000000d5ae8000,0x00000000d5b00000)
  to   space 2048K, 0% used [0x00000000d5b80000,0x00000000d5b80000,0x00000000d5d80000)
 ParOldGen       total 676352K, used 675865K [0x0000000080000000, 0x00000000a9480000, 0x00000000d5580000)
  object space 676352K, 99% used [0x0000000080000000,0x00000000a9406758,0x00000000a9480000)
 Metaspace       used 68640K, committed 70272K, reserved 1114112K
  class space    used 7042K, committed 7808K, reserved 1048576K
}
Event: 30.861 GC heap before
{Heap before GC invocations=865 (full 3):
 PSYoungGen      total 5632K, used 5536K [0x00000000d5580000, 0x00000000d5d80000, 0x0000000100000000)
  eden space 4096K, 100% used [0x00000000d5580000,0x00000000d5980000,0x00000000d5980000)
  from space 1536K, 93% used [0x00000000d5980000,0x00000000d5ae8000,0x00000000d5b00000)
  to   space 2048K, 0% used [0x00000000d5b80000,0x00000000d5b80000,0x00000000d5d80000)
 ParOldGen       total 676352K, used 675865K [0x0000000080000000, 0x00000000a9480000, 0x00000000d5580000)
  object space 676352K, 99% used [0x0000000080000000,0x00000000a9406758,0x00000000a9480000)
 Metaspace       used 68667K, committed 70272K, reserved 1114112K
  class space    used 7046K, committed 7808K, reserved 1048576K
}
Event: 30.864 GC heap after
{Heap after GC invocations=865 (full 3):
 PSYoungGen      total 6144K, used 1875K [0x00000000d5580000, 0x00000000d5d80000, 0x0000000100000000)
  eden space 4096K, 0% used [0x00000000d5580000,0x00000000d5580000,0x00000000d5980000)
  from space 2048K, 91% used [0x00000000d5b80000,0x00000000d5d54d00,0x00000000d5d80000)
  to   space 2048K, 0% used [0x00000000d5980000,0x00000000d5980000,0x00000000d5b80000)
 ParOldGen       total 677376K, used 676910K [0x0000000080000000, 0x00000000a9580000, 0x00000000d5580000)
  object space 677376K, 99% used [0x0000000080000000,0x00000000a950bbf8,0x00000000a9580000)
 Metaspace       used 68667K, committed 70272K, reserved 1114112K
  class space    used 7046K, committed 7808K, reserved 1048576K
}
Event: 30.876 GC heap before
{Heap before GC invocations=866 (full 3):
 PSYoungGen      total 6144K, used 5971K [0x00000000d5580000, 0x00000000d5d80000, 0x0000000100000000)
  eden space 4096K, 100% used [0x00000000d5580000,0x00000000d5980000,0x00000000d5980000)
  from space 2048K, 91% used [0x00000000d5b80000,0x00000000d5d54d00,0x00000000d5d80000)
  to   space 2048K, 0% used [0x00000000d5980000,0x00000000d5980000,0x00000000d5b80000)
 ParOldGen       total 677376K, used 676910K [0x0000000080000000, 0x00000000a9580000, 0x00000000d5580000)
  object space 677376K, 99% used [0x0000000080000000,0x00000000a950bbf8,0x00000000a9580000)
 Metaspace       used 68690K, committed 70336K, reserved 1114112K
  class space    used 7050K, committed 7808K, reserved 1048576K
}
Event: 30.880 GC heap after
{Heap after GC invocations=866 (full 3):
 PSYoungGen      total 6144K, used 2048K [0x00000000d5580000, 0x00000000d6580000, 0x0000000100000000)
  eden space 4096K, 0% used [0x00000000d5580000,0x00000000d5580000,0x00000000d5980000)
  from space 2048K, 100% used [0x00000000d5980000,0x00000000d5b80000,0x00000000d5b80000)
  to   space 6144K, 0% used [0x00000000d5f80000,0x00000000d5f80000,0x00000000d6580000)
 ParOldGen       total 680448K, used 680190K [0x0000000080000000, 0x00000000a9880000, 0x00000000d5580000)
  object space 680448K, 99% used [0x0000000080000000,0x00000000a983fa68,0x00000000a9880000)
 Metaspace       used 68690K, committed 70336K, reserved 1114112K
  class space    used 7050K, committed 7808K, reserved 1048576K
}
Event: 30.896 GC heap before
{Heap before GC invocations=867 (full 3):
 PSYoungGen      total 6144K, used 6144K [0x00000000d5580000, 0x00000000d6580000, 0x0000000100000000)
  eden space 4096K, 100% used [0x00000000d5580000,0x00000000d5980000,0x00000000d5980000)
  from space 2048K, 100% used [0x00000000d5980000,0x00000000d5b80000,0x00000000d5b80000)
  to   space 6144K, 0% used [0x00000000d5f80000,0x00000000d5f80000,0x00000000d6580000)
 ParOldGen       total 680448K, used 680190K [0x0000000080000000, 0x00000000a9880000, 0x00000000d5580000)
  object space 680448K, 99% used [0x0000000080000000,0x00000000a983fa68,0x00000000a9880000)
 Metaspace       used 68702K, committed 70336K, reserved 1114112K
  class space    used 7050K, committed 7808K, reserved 1048576K
}
Event: 31.903 GC heap after
{Heap after GC invocations=867 (full 3):
 PSYoungGen      total 9216K, used 3632K [0x00000000d5580000, 0x00000000d6380000, 0x0000000100000000)
  eden space 5120K, 0% used [0x00000000d5580000,0x00000000d5580000,0x00000000d5a80000)
  from space 4096K, 88% used [0x00000000d5f80000,0x00000000d630c010,0x00000000d6380000)
  to   space 4608K, 0% used [0x00000000d5a80000,0x00000000d5a80000,0x00000000d5f00000)
 ParOldGen       total 682496K, used 682268K [0x0000000080000000, 0x00000000a9a80000, 0x00000000d5580000)
  object space 682496K, 99% used [0x0000000080000000,0x00000000a9a47208,0x00000000a9a80000)
 Metaspace       used 68702K, committed 70336K, reserved 1114112K
  class space    used 7050K, committed 7808K, reserved 1048576K
}
Event: 31.934 GC heap before
{Heap before GC invocations=868 (full 3):
 PSYoungGen      total 9216K, used 8748K [0x00000000d5580000, 0x00000000d6380000, 0x0000000100000000)
  eden space 5120K, 99% used [0x00000000d5580000,0x00000000d5a7f0c8,0x00000000d5a80000)
  from space 4096K, 88% used [0x00000000d5f80000,0x00000000d630c010,0x00000000d6380000)
  to   space 4608K, 0% used [0x00000000d5a80000,0x00000000d5a80000,0x00000000d5f00000)
 ParOldGen       total 682496K, used 682268K [0x0000000080000000, 0x00000000a9a80000, 0x00000000d5580000)
  object space 682496K, 99% used [0x0000000080000000,0x00000000a9a47208,0x00000000a9a80000)
 Metaspace       used 68745K, committed 70336K, reserved 1114112K
  class space    used 7051K, committed 7808K, reserved 1048576K
}
Event: 31.940 GC heap after
{Heap after GC invocations=868 (full 3):
 PSYoungGen      total 7168K, used 1888K [0x00000000d5580000, 0x00000000d6180000, 0x0000000100000000)
  eden space 5120K, 0% used [0x00000000d5580000,0x00000000d5580000,0x00000000d5a80000)
  from space 2048K, 92% used [0x00000000d5a80000,0x00000000d5c58030,0x00000000d5c80000)
  to   space 3072K, 0% used [0x00000000d5e80000,0x00000000d5e80000,0x00000000d6180000)
 ParOldGen       total 686080K, used 685810K [0x0000000080000000, 0x00000000a9e00000, 0x00000000d5580000)
  object space 686080K, 99% used [0x0000000080000000,0x00000000a9dbcbc0,0x00000000a9e00000)
 Metaspace       used 68745K, committed 70336K, reserved 1114112K
  class space    used 7051K, committed 7808K, reserved 1048576K
}
Event: 32.017 GC heap before
{Heap before GC invocations=869 (full 3):
 PSYoungGen      total 7168K, used 7008K [0x00000000d5580000, 0x00000000d6180000, 0x0000000100000000)
  eden space 5120K, 100% used [0x00000000d5580000,0x00000000d5a80000,0x00000000d5a80000)
  from space 2048K, 92% used [0x00000000d5a80000,0x00000000d5c58030,0x00000000d5c80000)
  to   space 3072K, 0% used [0x00000000d5e80000,0x00000000d5e80000,0x00000000d6180000)
 ParOldGen       total 686080K, used 685810K [0x0000000080000000, 0x00000000a9e00000, 0x00000000d5580000)
  object space 686080K, 99% used [0x0000000080000000,0x00000000a9dbcbc0,0x00000000a9e00000)
 Metaspace       used 68947K, committed 70592K, reserved 1114112K
  class space    used 7061K, committed 7808K, reserved 1048576K
}
Event: 32.021 GC heap after
{Heap after GC invocations=869 (full 3):
 PSYoungGen      total 6656K, used 512K [0x00000000d5580000, 0x00000000d5f00000, 0x0000000100000000)
  eden space 6144K, 0% used [0x00000000d5580000,0x00000000d5580000,0x00000000d5b80000)
  from space 512K, 100% used [0x00000000d5e80000,0x00000000d5f00000,0x00000000d5f00000)
  to   space 1536K, 0% used [0x00000000d5c00000,0x00000000d5c00000,0x00000000d5d80000)
 ParOldGen       total 687616K, used 687131K [0x0000000080000000, 0x00000000a9f80000, 0x00000000d5580000)
  object space 687616K, 99% used [0x0000000080000000,0x00000000a9f06f00,0x00000000a9f80000)
 Metaspace       used 68947K, committed 70592K, reserved 1114112K
  class space    used 7061K, committed 7808K, reserved 1048576K
}

