# JRE version: OpenJDK Runtime Environment Temurin-21.0.8+9 (21.0.8+9) (build 21.0.8+9-LTS)
# Java VM: OpenJDK 64-Bit Server VM Temurin-21.0.8+9 (21.0.8+9-LTS, mixed mode, sharing, tiered, compressed oops, compressed class ptrs, parallel gc, windows-amd64)
GC Precious Log:
 CardTable entry size: 512
 CPUs: 8 total, 8 available
 Memory: 7975M
 Large Page Support: Disabled
 NUMA Support: Disabled
 Compressed Oops: Enabled (32-bit)
 Alignments: Space 512K, Generation 512K, Heap 2M
 Heap Min Capacity: 100M
 Heap Initial Capacity: 100M
 Heap Max Capacity: 2G
 Pre-touch: Disabled
 Parallel Workers: 8
Heap:
 PSYoungGen      total 16896K, used 16012K [0x00000000d5580000, 0x00000000d6c00000, 0x0000000100000000)
  eden space 14848K, 95% used [0x00000000d5580000,0x00000000d6361940,0x00000000d6400000)
  from space 2048K, 87% used [0x00000000d6a00000,0x00000000d6bc18b8,0x00000000d6c00000)
  to   space 2560K, 0% used [0x00000000d6700000,0x00000000d6700000,0x00000000d6980000)
 ParOldGen       total 723968K, used 723507K [0x0000000080000000, 0x00000000ac300000, 0x00000000d5580000)
  object space 723968K, 99% used [0x0000000080000000,0x00000000ac28cc68,0x00000000ac300000)
 Metaspace       used 69508K, committed 71232K, reserved 1114112K
  class space    used 7101K, committed 7872K, reserved 1048576K
GC Heap History (20 events):
Event: 34.962 GC heap before
{Heap before GC invocations=1206 (full 3):
 PSYoungGen      total 22528K, used 22528K [0x00000000d5580000, 0x00000000d6d00000, 0x0000000100000000)
  eden space 22016K, 100% used [0x00000000d5580000,0x00000000d6b00000,0x00000000d6b00000)
  from space 512K, 100% used [0x00000000d6c00000,0x00000000d6c80000,0x00000000d6c80000)
  to   space 1024K, 0% used [0x00000000d6b00000,0x00000000d6b00000,0x00000000d6c00000)
 ParOldGen       total 710656K, used 710300K [0x0000000080000000, 0x00000000ab600000, 0x00000000d5580000)
  object space 710656K, 99% used [0x0000000080000000,0x00000000ab5a7270,0x00000000ab600000)
 Metaspace       used 67930K, committed 69568K, reserved 1114112K
  class space    used 6954K, committed 7680K, reserved 1048576K
}
Event: 34.964 GC heap after
{Heap after GC invocations=1206 (full 3):
 PSYoungGen      total 23040K, used 384K [0x00000000d5580000, 0x00000000d6c80000, 0x0000000100000000)
  eden space 22016K, 0% used [0x00000000d5580000,0x00000000d5580000,0x00000000d6b00000)
  from space 1024K, 37% used [0x00000000d6b00000,0x00000000d6b60000,0x00000000d6c00000)
  to   space 512K, 0% used [0x00000000d6c00000,0x00000000d6c00000,0x00000000d6c80000)
 ParOldGen       total 711168K, used 710724K [0x0000000080000000, 0x00000000ab680000, 0x00000000d5580000)
  object space 711168K, 99% used [0x0000000080000000,0x00000000ab611270,0x00000000ab680000)
 Metaspace       used 67930K, committed 69568K, reserved 1114112K
  class space    used 6954K, committed 7680K, reserved 1048576K
}
Event: 34.983 GC heap before
{Heap before GC invocations=1207 (full 3):
 PSYoungGen      total 23040K, used 22400K [0x00000000d5580000, 0x00000000d6c80000, 0x0000000100000000)
  eden space 22016K, 100% used [0x00000000d5580000,0x00000000d6b00000,0x00000000d6b00000)
  from space 1024K, 37% used [0x00000000d6b00000,0x00000000d6b60000,0x00000000d6c00000)
  to   space 512K, 0% used [0x00000000d6c00000,0x00000000d6c00000,0x00000000d6c80000)
 ParOldGen       total 711168K, used 710725K [0x0000000080000000, 0x00000000ab680000, 0x00000000d5580000)
  object space 711168K, 99% used [0x0000000080000000,0x00000000ab611608,0x00000000ab680000)
 Metaspace       used 67937K, committed 69568K, reserved 1114112K
  class space    used 6954K, committed 7680K, reserved 1048576K
}
Event: 34.986 GC heap after
{Heap after GC invocations=1207 (full 3):
 PSYoungGen      total 22528K, used 384K [0x00000000d5580000, 0x00000000d6c80000, 0x0000000100000000)
  eden space 22016K, 0% used [0x00000000d5580000,0x00000000d5580000,0x00000000d6b00000)
  from space 512K, 75% used [0x00000000d6c00000,0x00000000d6c60000,0x00000000d6c80000)
  to   space 512K, 0% used [0x00000000d6b80000,0x00000000d6b80000,0x00000000d6c00000)
 ParOldGen       total 711168K, used 711029K [0x0000000080000000, 0x00000000ab680000, 0x00000000d5580000)
  object space 711168K, 99% used [0x0000000080000000,0x00000000ab65d608,0x00000000ab680000)
 Metaspace       used 67937K, committed 69568K, reserved 1114112K
  class space    used 6954K, committed 7680K, reserved 1048576K
}
Event: 35.004 GC heap before
{Heap before GC invocations=1208 (full 3):
 PSYoungGen      total 22528K, used 22400K [0x00000000d5580000, 0x00000000d6c80000, 0x0000000100000000)
  eden space 22016K, 100% used [0x00000000d5580000,0x00000000d6b00000,0x00000000d6b00000)
  from space 512K, 75% used [0x00000000d6c00000,0x00000000d6c60000,0x00000000d6c80000)
  to   space 512K, 0% used [0x00000000d6b80000,0x00000000d6b80000,0x00000000d6c00000)
 ParOldGen       total 711168K, used 711029K [0x0000000080000000, 0x00000000ab680000, 0x00000000d5580000)
  object space 711168K, 99% used [0x0000000080000000,0x00000000ab65d608,0x00000000ab680000)
 Metaspace       used 67941K, committed 69568K, reserved 1114112K
  class space    used 6954K, committed 7680K, reserved 1048576K
}
Event: 35.006 GC heap after
{Heap after GC invocations=1208 (full 3):
 PSYoungGen      total 22528K, used 416K [0x00000000d5580000, 0x00000000d6c80000, 0x0000000100000000)
  eden space 22016K, 0% used [0x00000000d5580000,0x00000000d5580000,0x00000000d6b00000)
  from space 512K, 81% used [0x00000000d6b80000,0x00000000d6be8000,0x00000000d6c00000)
  to   space 512K, 0% used [0x00000000d6c00000,0x00000000d6c00000,0x00000000d6c80000)
 ParOldGen       total 711680K, used 711253K [0x0000000080000000, 0x00000000ab700000, 0x00000000d5580000)
  object space 711680K, 99% used [0x0000000080000000,0x00000000ab695608,0x00000000ab700000)
 Metaspace       used 67941K, committed 69568K, reserved 1114112K
  class space    used 6954K, committed 7680K, reserved 1048576K
}
Event: 35.027 GC heap before
{Heap before GC invocations=1209 (full 3):
 PSYoungGen      total 22528K, used 22432K [0x00000000d5580000, 0x00000000d6c80000, 0x0000000100000000)
  eden space 22016K, 100% used [0x00000000d5580000,0x00000000d6b00000,0x00000000d6b00000)
  from space 512K, 81% used [0x00000000d6b80000,0x00000000d6be8000,0x00000000d6c00000)
  to   space 512K, 0% used [0x00000000d6c00000,0x00000000d6c00000,0x00000000d6c80000)
 ParOldGen       total 711680K, used 711253K [0x0000000080000000, 0x00000000ab700000, 0x00000000d5580000)
  object space 711680K, 99% used [0x0000000080000000,0x00000000ab695608,0x00000000ab700000)
 Metaspace       used 67956K, committed 69568K, reserved 1114112K
  class space    used 6954K, committed 7680K, reserved 1048576K
}
Event: 35.030 GC heap after
{Heap after GC invocations=1209 (full 3):
 PSYoungGen      total 22528K, used 448K [0x00000000d5580000, 0x00000000d6c80000, 0x0000000100000000)
  eden space 22016K, 0% used [0x00000000d5580000,0x00000000d5580000,0x00000000d6b00000)
  from space 512K, 87% used [0x00000000d6c00000,0x00000000d6c70000,0x00000000d6c80000)
  to   space 512K, 0% used [0x00000000d6b80000,0x00000000d6b80000,0x00000000d6c00000)
 ParOldGen       total 712704K, used 712229K [0x0000000080000000, 0x00000000ab800000, 0x00000000d5580000)
  object space 712704K, 99% used [0x0000000080000000,0x00000000ab789608,0x00000000ab800000)
 Metaspace       used 67956K, committed 69568K, reserved 1114112K
  class space    used 6954K, committed 7680K, reserved 1048576K
}
Event: 35.080 GC heap before
{Heap before GC invocations=1210 (full 3):
 PSYoungGen      total 22528K, used 22464K [0x00000000d5580000, 0x00000000d6c80000, 0x0000000100000000)
  eden space 22016K, 100% used [0x00000000d5580000,0x00000000d6b00000,0x00000000d6b00000)
  from space 512K, 87% used [0x00000000d6c00000,0x00000000d6c70000,0x00000000d6c80000)
  to   space 512K, 0% used [0x00000000d6b80000,0x00000000d6b80000,0x00000000d6c00000)
 ParOldGen       total 712704K, used 712229K [0x0000000080000000, 0x00000000ab800000, 0x00000000d5580000)
  object space 712704K, 99% used [0x0000000080000000,0x00000000ab789608,0x00000000ab800000)
 Metaspace       used 68062K, committed 69632K, reserved 1114112K
  class space    used 6977K, committed 7680K, reserved 1048576K
}
Event: 35.085 GC heap after
{Heap after GC invocations=1210 (full 3):
 PSYoungGen      total 22528K, used 512K [0x00000000d5580000, 0x00000000d6f00000, 0x0000000100000000)
  eden space 22016K, 0% used [0x00000000d5580000,0x00000000d5580000,0x00000000d6b00000)
  from space 512K, 100% used [0x00000000d6b80000,0x00000000d6c00000,0x00000000d6c00000)
  to   space 2048K, 0% used [0x00000000d6d00000,0x00000000d6d00000,0x00000000d6f00000)
 ParOldGen       total 713216K, used 713109K [0x0000000080000000, 0x00000000ab880000, 0x00000000d5580000)
  object space 713216K, 99% used [0x0000000080000000,0x00000000ab865628,0x00000000ab880000)
 Metaspace       used 68062K, committed 69632K, reserved 1114112K
  class space    used 6977K, committed 7680K, reserved 1048576K
}
Event: 35.220 GC heap before
{Heap before GC invocations=1211 (full 3):
 PSYoungGen      total 22528K, used 22528K [0x00000000d5580000, 0x00000000d6f00000, 0x0000000100000000)
  eden space 22016K, 100% used [0x00000000d5580000,0x00000000d6b00000,0x00000000d6b00000)
  from space 512K, 100% used [0x00000000d6b80000,0x00000000d6c00000,0x00000000d6c00000)
  to   space 2048K, 0% used [0x00000000d6d00000,0x00000000d6d00000,0x00000000d6f00000)
 ParOldGen       total 713216K, used 713109K [0x0000000080000000, 0x00000000ab880000, 0x00000000d5580000)
  object space 713216K, 99% used [0x0000000080000000,0x00000000ab865628,0x00000000ab880000)
 Metaspace       used 68648K, committed 70208K, reserved 1114112K
  class space    used 7026K, committed 7744K, reserved 1048576K
}
Event: 35.223 GC heap after
{Heap after GC invocations=1211 (full 3):
 PSYoungGen      total 24064K, used 1776K [0x00000000d5580000, 0x00000000d6f00000, 0x0000000100000000)
  eden space 22016K, 0% used [0x00000000d5580000,0x00000000d5580000,0x00000000d6b00000)
  from space 2048K, 86% used [0x00000000d6d00000,0x00000000d6ebc300,0x00000000d6f00000)
  to   space 2048K, 0% used [0x00000000d6b00000,0x00000000d6b00000,0x00000000d6d00000)
 ParOldGen       total 713728K, used 713549K [0x0000000080000000, 0x00000000ab900000, 0x00000000d5580000)
  object space 713728K, 99% used [0x0000000080000000,0x00000000ab8d3638,0x00000000ab900000)
 Metaspace       used 68648K, committed 70208K, reserved 1114112K
  class space    used 7026K, committed 7744K, reserved 1048576K
}
Event: 35.347 GC heap before
{Heap before GC invocations=1212 (full 3):
 PSYoungGen      total 24064K, used 23792K [0x00000000d5580000, 0x00000000d6f00000, 0x0000000100000000)
  eden space 22016K, 100% used [0x00000000d5580000,0x00000000d6b00000,0x00000000d6b00000)
  from space 2048K, 86% used [0x00000000d6d00000,0x00000000d6ebc300,0x00000000d6f00000)
  to   space 2048K, 0% used [0x00000000d6b00000,0x00000000d6b00000,0x00000000d6d00000)
 ParOldGen       total 713728K, used 713549K [0x0000000080000000, 0x00000000ab900000, 0x00000000d5580000)
  object space 713728K, 99% used [0x0000000080000000,0x00000000ab8d3638,0x00000000ab900000)
 Metaspace       used 69066K, committed 70720K, reserved 1114112K
  class space    used 7068K, committed 7808K, reserved 1048576K
}
Event: 35.353 GC heap after
{Heap after GC invocations=1212 (full 3):
 PSYoungGen      total 24064K, used 1562K [0x00000000d5580000, 0x00000000d6f00000, 0x0000000100000000)
  eden space 22016K, 0% used [0x00000000d5580000,0x00000000d5580000,0x00000000d6b00000)
  from space 2048K, 76% used [0x00000000d6b00000,0x00000000d6c869f0,0x00000000d6d00000)
  to   space 2048K, 0% used [0x00000000d6d00000,0x00000000d6d00000,0x00000000d6f00000)
 ParOldGen       total 715264K, used 715037K [0x0000000080000000, 0x00000000aba80000, 0x00000000d5580000)
  object space 715264K, 99% used [0x0000000080000000,0x00000000aba47478,0x00000000aba80000)
 Metaspace       used 69066K, committed 70720K, reserved 1114112K
  class space    used 7068K, committed 7808K, reserved 1048576K
}
Event: 35.461 GC heap before
{Heap before GC invocations=1213 (full 3):
 PSYoungGen      total 24064K, used 23578K [0x00000000d5580000, 0x00000000d6f00000, 0x0000000100000000)
  eden space 22016K, 100% used [0x00000000d5580000,0x00000000d6b00000,0x00000000d6b00000)
  from space 2048K, 76% used [0x00000000d6b00000,0x00000000d6c869f0,0x00000000d6d00000)
  to   space 2048K, 0% used [0x00000000d6d00000,0x00000000d6d00000,0x00000000d6f00000)
 ParOldGen       total 715264K, used 715037K [0x0000000080000000, 0x00000000aba80000, 0x00000000d5580000)
  object space 715264K, 99% used [0x0000000080000000,0x00000000aba47478,0x00000000aba80000)
 Metaspace       used 69111K, committed 70720K, reserved 1114112K
  class space    used 7068K, committed 7808K, reserved 1048576K
}
Event: 35.469 GC heap after
{Heap after GC invocations=1213 (full 3):
 PSYoungGen      total 16896K, used 2048K [0x00000000d5580000, 0x00000000d7d00000, 0x0000000100000000)
  eden space 14848K, 0% used [0x00000000d5580000,0x00000000d5580000,0x00000000d6400000)
  from space 2048K, 100% used [0x00000000d6d00000,0x00000000d6f00000,0x00000000d6f00000)
  to   space 9216K, 0% used [0x00000000d6400000,0x00000000d6400000,0x00000000d6d00000)
 ParOldGen       total 720896K, used 720733K [0x0000000080000000, 0x00000000ac000000, 0x00000000d5580000)
  object space 720896K, 99% used [0x0000000080000000,0x00000000abfd76a0,0x00000000ac000000)
 Metaspace       used 69111K, committed 70720K, reserved 1114112K
  class space    used 7068K, committed 7808K, reserved 1048576K
}
Event: 35.523 GC heap before
{Heap before GC invocations=1214 (full 3):
 PSYoungGen      total 16896K, used 16896K [0x00000000d5580000, 0x00000000d7d00000, 0x0000000100000000)
  eden space 14848K, 100% used [0x00000000d5580000,0x00000000d6400000,0x00000000d6400000)
  from space 2048K, 100% used [0x00000000d6d00000,0x00000000d6f00000,0x00000000d6f00000)
  to   space 9216K, 0% used [0x00000000d6400000,0x00000000d6400000,0x00000000d6d00000)
 ParOldGen       total 720896K, used 720733K [0x0000000080000000, 0x00000000ac000000, 0x00000000d5580000)
  object space 720896K, 99% used [0x0000000080000000,0x00000000abfd76a0,0x00000000ac000000)
 Metaspace       used 69156K, committed 70784K, reserved 1114112K
  class space    used 7069K, committed 7808K, reserved 1048576K
}
Event: 35.527 GC heap after
{Heap after GC invocations=1214 (full 3):
 PSYoungGen      total 15872K, used 736K [0x00000000d5580000, 0x00000000d6d80000, 0x0000000100000000)
  eden space 14848K, 0% used [0x00000000d5580000,0x00000000d5580000,0x00000000d6400000)
  from space 1024K, 71% used [0x00000000d6400000,0x00000000d64b8020,0x00000000d6500000)
  to   space 3584K, 0% used [0x00000000d6a00000,0x00000000d6a00000,0x00000000d6d80000)
 ParOldGen       total 722944K, used 722838K [0x0000000080000000, 0x00000000ac200000, 0x00000000d5580000)
  object space 722944K, 99% used [0x0000000080000000,0x00000000ac1e5be8,0x00000000ac200000)
 Metaspace       used 69156K, committed 70784K, reserved 1114112K
  class space    used 7069K, committed 7808K, reserved 1048576K
}
Event: 35.601 GC heap before
{Heap before GC invocations=1215 (full 3):
 PSYoungGen      total 15872K, used 15584K [0x00000000d5580000, 0x00000000d6d80000, 0x0000000100000000)
  eden space 14848K, 100% used [0x00000000d5580000,0x00000000d6400000,0x00000000d6400000)
  from space 1024K, 71% used [0x00000000d6400000,0x00000000d64b8020,0x00000000d6500000)
  to   space 3584K, 0% used [0x00000000d6a00000,0x00000000d6a00000,0x00000000d6d80000)
 ParOldGen       total 722944K, used 722838K [0x0000000080000000, 0x00000000ac200000, 0x00000000d5580000)
  object space 722944K, 99% used [0x0000000080000000,0x00000000ac1e5be8,0x00000000ac200000)
 Metaspace       used 69188K, committed 70784K, reserved 1114112K
  class space    used 7070K, committed 7808K, reserved 1048576K
}
Event: 35.606 GC heap after
{Heap after GC invocations=1215 (full 3):
 PSYoungGen      total 16896K, used 1798K [0x00000000d5580000, 0x00000000d6c00000, 0x0000000100000000)
  eden space 14848K, 0% used [0x00000000d5580000,0x00000000d5580000,0x00000000d6400000)
  from space 2048K, 87% used [0x00000000d6a00000,0x00000000d6bc18b8,0x00000000d6c00000)
  to   space 2560K, 0% used [0x00000000d6700000,0x00000000d6700000,0x00000000d6980000)
 ParOldGen       total 723968K, used 723507K [0x0000000080000000, 0x00000000ac300000, 0x00000000d5580000)
  object space 723968K, 99% used [0x0000000080000000,0x00000000ac28cc68,0x00000000ac300000)
 Metaspace       used 69188K, committed 70784K, reserved 1114112K
  class space    used 7070K, committed 7808K, reserved 1048576K
}

