# JRE version: OpenJDK Runtime Environment Temurin-21.0.10+7 (21.0.10+7) (build 21.0.10+7-LTS)
# Java VM: OpenJDK 64-Bit Server VM Temurin-21.0.10+7 (21.0.10+7-LTS, mixed mode, sharing, tiered, compressed oops, compressed class ptrs, parallel gc, windows-amd64)
GC Precious Log:
 CardTable entry size: 512
 CPUs: 8 total, 8 available
 Memory: 7975M
 Large Page Support: Disabled
 NUMA Support: Disabled
 Compressed Oops: Enabled (32-bit)
 Alignments: Space 512K, Generation 512K, Heap 2M
 Heap Min Capacity: 100M
 Heap Initial Capacity: 100M
 Heap Max Capacity: 2G
 Pre-touch: Disabled
 Parallel Workers: 8
Heap:
 PSYoungGen      total 8704K, used 816K [0x00000000d5580000, 0x00000000d5f00000, 0x0000000100000000)
  eden space 7680K, 0% used [0x00000000d5580000,0x00000000d5580000,0x00000000d5d00000)
  from space 1024K, 79% used [0x00000000d5d00000,0x00000000d5dcc010,0x00000000d5e00000)
  to   space 1024K, 0% used [0x00000000d5e00000,0x00000000d5e00000,0x00000000d5f00000)
 ParOldGen       total 257536K, used 257145K [0x0000000080000000, 0x000000008fb80000, 0x00000000d5580000)
  object space 257536K, 99% used [0x0000000080000000,0x000000008fb1e698,0x000000008fb80000)
 Metaspace       used 88013K, committed 89600K, reserved 1179648K
  class space    used 9138K, committed 9856K, reserved 1048576K
GC Heap History (20 events):
Event: 4737.264 GC heap after
{Heap after GC invocations=645 (full 4):
 PSYoungGen      total 6144K, used 679K [0x00000000d5580000, 0x00000000d5d00000, 0x0000000100000000)
  eden space 5120K, 0% used [0x00000000d5580000,0x00000000d5580000,0x00000000d5a80000)
  from space 1024K, 66% used [0x00000000d5a80000,0x00000000d5b29e20,0x00000000d5b80000)
  to   space 1024K, 0% used [0x00000000d5c00000,0x00000000d5c00000,0x00000000d5d00000)
 ParOldGen       total 254464K, used 245539K [0x0000000080000000, 0x000000008f880000, 0x00000000d5580000)
  object space 254464K, 96% used [0x0000000080000000,0x000000008efc8f48,0x000000008f880000)
 Metaspace       used 87986K, committed 89536K, reserved 1179648K
  class space    used 9138K, committed 9856K, reserved 1048576K
}
Event: 4737.360 GC heap before
{Heap before GC invocations=646 (full 4):
 PSYoungGen      total 6144K, used 5799K [0x00000000d5580000, 0x00000000d5d00000, 0x0000000100000000)
  eden space 5120K, 100% used [0x00000000d5580000,0x00000000d5a80000,0x00000000d5a80000)
  from space 1024K, 66% used [0x00000000d5a80000,0x00000000d5b29e20,0x00000000d5b80000)
  to   space 1024K, 0% used [0x00000000d5c00000,0x00000000d5c00000,0x00000000d5d00000)
 ParOldGen       total 254464K, used 245539K [0x0000000080000000, 0x000000008f880000, 0x00000000d5580000)
  object space 254464K, 96% used [0x0000000080000000,0x000000008efc8f48,0x000000008f880000)
 Metaspace       used 87986K, committed 89536K, reserved 1179648K
  class space    used 9138K, committed 9856K, reserved 1048576K
}
Event: 4737.361 GC heap after
{Heap after GC invocations=646 (full 4):
 PSYoungGen      total 6144K, used 677K [0x00000000d5580000, 0x00000000d5d00000, 0x0000000100000000)
  eden space 5120K, 0% used [0x00000000d5580000,0x00000000d5580000,0x00000000d5a80000)
  from space 1024K, 66% used [0x00000000d5c00000,0x00000000d5ca9780,0x00000000d5d00000)
  to   space 1024K, 0% used [0x00000000d5a80000,0x00000000d5a80000,0x00000000d5b80000)
 ParOldGen       total 254464K, used 245806K [0x0000000080000000, 0x000000008f880000, 0x00000000d5580000)
  object space 254464K, 96% used [0x0000000080000000,0x000000008f00b8e8,0x000000008f880000)
 Metaspace       used 87986K, committed 89536K, reserved 1179648K
  class space    used 9138K, committed 9856K, reserved 1048576K
}
Event: 4737.373 GC heap before
{Heap before GC invocations=647 (full 4):
 PSYoungGen      total 6144K, used 5797K [0x00000000d5580000, 0x00000000d5d00000, 0x0000000100000000)
  eden space 5120K, 100% used [0x00000000d5580000,0x00000000d5a80000,0x00000000d5a80000)
  from space 1024K, 66% used [0x00000000d5c00000,0x00000000d5ca9780,0x00000000d5d00000)
  to   space 1024K, 0% used [0x00000000d5a80000,0x00000000d5a80000,0x00000000d5b80000)
 ParOldGen       total 254464K, used 245806K [0x0000000080000000, 0x000000008f880000, 0x00000000d5580000)
  object space 254464K, 96% used [0x0000000080000000,0x000000008f00b8e8,0x000000008f880000)
 Metaspace       used 87987K, committed 89536K, reserved 1179648K
  class space    used 9138K, committed 9856K, reserved 1048576K
}
Event: 4737.375 GC heap after
{Heap after GC invocations=647 (full 4):
 PSYoungGen      total 6144K, used 992K [0x00000000d5580000, 0x00000000d5e80000, 0x0000000100000000)
  eden space 5120K, 0% used [0x00000000d5580000,0x00000000d5580000,0x00000000d5a80000)
  from space 1024K, 96% used [0x00000000d5a80000,0x00000000d5b78020,0x00000000d5b80000)
  to   space 2048K, 0% used [0x00000000d5c80000,0x00000000d5c80000,0x00000000d5e80000)
 ParOldGen       total 254464K, used 246345K [0x0000000080000000, 0x000000008f880000, 0x00000000d5580000)
  object space 254464K, 96% used [0x0000000080000000,0x000000008f092760,0x000000008f880000)
 Metaspace       used 87987K, committed 89536K, reserved 1179648K
  class space    used 9138K, committed 9856K, reserved 1048576K
}
Event: 4737.382 GC heap before
{Heap before GC invocations=648 (full 4):
 PSYoungGen      total 6144K, used 6112K [0x00000000d5580000, 0x00000000d5e80000, 0x0000000100000000)
  eden space 5120K, 100% used [0x00000000d5580000,0x00000000d5a80000,0x00000000d5a80000)
  from space 1024K, 96% used [0x00000000d5a80000,0x00000000d5b78020,0x00000000d5b80000)
  to   space 2048K, 0% used [0x00000000d5c80000,0x00000000d5c80000,0x00000000d5e80000)
 ParOldGen       total 254464K, used 246345K [0x0000000080000000, 0x000000008f880000, 0x00000000d5580000)
  object space 254464K, 96% used [0x0000000080000000,0x000000008f092760,0x000000008f880000)
 Metaspace       used 87987K, committed 89536K, reserved 1179648K
  class space    used 9138K, committed 9856K, reserved 1048576K
}
Event: 4737.384 GC heap after
{Heap after GC invocations=648 (full 4):
 PSYoungGen      total 6144K, used 640K [0x00000000d5580000, 0x00000000d5d80000, 0x0000000100000000)
  eden space 5120K, 0% used [0x00000000d5580000,0x00000000d5580000,0x00000000d5a80000)
  from space 1024K, 62% used [0x00000000d5c80000,0x00000000d5d20020,0x00000000d5d80000)
  to   space 1024K, 0% used [0x00000000d5a80000,0x00000000d5a80000,0x00000000d5b80000)
 ParOldGen       total 254464K, used 247317K [0x0000000080000000, 0x000000008f880000, 0x00000000d5580000)
  object space 254464K, 97% used [0x0000000080000000,0x000000008f185790,0x000000008f880000)
 Metaspace       used 87987K, committed 89536K, reserved 1179648K
  class space    used 9138K, committed 9856K, reserved 1048576K
}
Event: 4737.396 GC heap before
{Heap before GC invocations=649 (full 4):
 PSYoungGen      total 6144K, used 5760K [0x00000000d5580000, 0x00000000d5d80000, 0x0000000100000000)
  eden space 5120K, 100% used [0x00000000d5580000,0x00000000d5a80000,0x00000000d5a80000)
  from space 1024K, 62% used [0x00000000d5c80000,0x00000000d5d20020,0x00000000d5d80000)
  to   space 1024K, 0% used [0x00000000d5a80000,0x00000000d5a80000,0x00000000d5b80000)
 ParOldGen       total 254464K, used 247317K [0x0000000080000000, 0x000000008f880000, 0x00000000d5580000)
  object space 254464K, 97% used [0x0000000080000000,0x000000008f185790,0x000000008f880000)
 Metaspace       used 87987K, committed 89536K, reserved 1179648K
  class space    used 9138K, committed 9856K, reserved 1048576K
}
Event: 4737.398 GC heap after
{Heap after GC invocations=649 (full 4):
 PSYoungGen      total 6144K, used 576K [0x00000000d5580000, 0x00000000d5d00000, 0x0000000100000000)
  eden space 5120K, 0% used [0x00000000d5580000,0x00000000d5580000,0x00000000d5a80000)
  from space 1024K, 56% used [0x00000000d5a80000,0x00000000d5b10000,0x00000000d5b80000)
  to   space 1024K, 0% used [0x00000000d5c00000,0x00000000d5c00000,0x00000000d5d00000)
 ParOldGen       total 254464K, used 247802K [0x0000000080000000, 0x000000008f880000, 0x00000000d5580000)
  object space 254464K, 97% used [0x0000000080000000,0x000000008f1fe800,0x000000008f880000)
 Metaspace       used 87987K, committed 89536K, reserved 1179648K
  class space    used 9138K, committed 9856K, reserved 1048576K
}
Event: 4737.410 GC heap before
{Heap before GC invocations=650 (full 4):
 PSYoungGen      total 6144K, used 5696K [0x00000000d5580000, 0x00000000d5d00000, 0x0000000100000000)
  eden space 5120K, 100% used [0x00000000d5580000,0x00000000d5a80000,0x00000000d5a80000)
  from space 1024K, 56% used [0x00000000d5a80000,0x00000000d5b10000,0x00000000d5b80000)
  to   space 1024K, 0% used [0x00000000d5c00000,0x00000000d5c00000,0x00000000d5d00000)
 ParOldGen       total 254464K, used 247802K [0x0000000080000000, 0x000000008f880000, 0x00000000d5580000)
  object space 254464K, 97% used [0x0000000080000000,0x000000008f1fe800,0x000000008f880000)
 Metaspace       used 87987K, committed 89536K, reserved 1179648K
  class space    used 9138K, committed 9856K, reserved 1048576K
}
Event: 4737.411 GC heap after
{Heap after GC invocations=650 (full 4):
 PSYoungGen      total 6144K, used 560K [0x00000000d5580000, 0x00000000d5d00000, 0x0000000100000000)
  eden space 5120K, 0% used [0x00000000d5580000,0x00000000d5580000,0x00000000d5a80000)
  from space 1024K, 54% used [0x00000000d5c00000,0x00000000d5c8c010,0x00000000d5d00000)
  to   space 1024K, 0% used [0x00000000d5a80000,0x00000000d5a80000,0x00000000d5b80000)
 ParOldGen       total 254464K, used 248306K [0x0000000080000000, 0x000000008f880000, 0x00000000d5580000)
  object space 254464K, 97% used [0x0000000080000000,0x000000008f27c8a0,0x000000008f880000)
 Metaspace       used 87987K, committed 89536K, reserved 1179648K
  class space    used 9138K, committed 9856K, reserved 1048576K
}
Event: 4737.417 GC heap before
{Heap before GC invocations=651 (full 4):
 PSYoungGen      total 6144K, used 5680K [0x00000000d5580000, 0x00000000d5d00000, 0x0000000100000000)
  eden space 5120K, 100% used [0x00000000d5580000,0x00000000d5a80000,0x00000000d5a80000)
  from space 1024K, 54% used [0x00000000d5c00000,0x00000000d5c8c010,0x00000000d5d00000)
  to   space 1024K, 0% used [0x00000000d5a80000,0x00000000d5a80000,0x00000000d5b80000)
 ParOldGen       total 254464K, used 248306K [0x0000000080000000, 0x000000008f880000, 0x00000000d5580000)
  object space 254464K, 97% used [0x0000000080000000,0x000000008f27c8a0,0x000000008f880000)
 Metaspace       used 87987K, committed 89536K, reserved 1179648K
  class space    used 9138K, committed 9856K, reserved 1048576K
}
Event: 4737.419 GC heap after
{Heap after GC invocations=651 (full 4):
 PSYoungGen      total 6144K, used 576K [0x00000000d5580000, 0x00000000d5c80000, 0x0000000100000000)
  eden space 5120K, 0% used [0x00000000d5580000,0x00000000d5580000,0x00000000d5a80000)
  from space 1024K, 56% used [0x00000000d5a80000,0x00000000d5b10020,0x00000000d5b80000)
  to   space 1024K, 0% used [0x00000000d5b80000,0x00000000d5b80000,0x00000000d5c80000)
 ParOldGen       total 254464K, used 248754K [0x0000000080000000, 0x000000008f880000, 0x00000000d5580000)
  object space 254464K, 97% used [0x0000000080000000,0x000000008f2ec900,0x000000008f880000)
 Metaspace       used 87987K, committed 89536K, reserved 1179648K
  class space    used 9138K, committed 9856K, reserved 1048576K
}
Event: 4737.425 GC heap before
{Heap before GC invocations=652 (full 4):
 PSYoungGen      total 6144K, used 5696K [0x00000000d5580000, 0x00000000d5c80000, 0x0000000100000000)
  eden space 5120K, 100% used [0x00000000d5580000,0x00000000d5a80000,0x00000000d5a80000)
  from space 1024K, 56% used [0x00000000d5a80000,0x00000000d5b10020,0x00000000d5b80000)
  to   space 1024K, 0% used [0x00000000d5b80000,0x00000000d5b80000,0x00000000d5c80000)
 ParOldGen       total 254464K, used 248754K [0x0000000080000000, 0x000000008f880000, 0x00000000d5580000)
  object space 254464K, 97% used [0x0000000080000000,0x000000008f2ec900,0x000000008f880000)
 Metaspace       used 87987K, committed 89536K, reserved 1179648K
  class space    used 9138K, committed 9856K, reserved 1048576K
}
Event: 4737.427 GC heap after
{Heap after GC invocations=652 (full 4):
 PSYoungGen      total 6144K, used 560K [0x00000000d5580000, 0x00000000d5c80000, 0x0000000100000000)
  eden space 5120K, 0% used [0x00000000d5580000,0x00000000d5580000,0x00000000d5a80000)
  from space 1024K, 54% used [0x00000000d5b80000,0x00000000d5c0c010,0x00000000d5c80000)
  to   space 1024K, 0% used [0x00000000d5a80000,0x00000000d5a80000,0x00000000d5b80000)
 ParOldGen       total 254464K, used 249194K [0x0000000080000000, 0x000000008f880000, 0x00000000d5580000)
  object space 254464K, 97% used [0x0000000080000000,0x000000008f35a940,0x000000008f880000)
 Metaspace       used 87987K, committed 89536K, reserved 1179648K
  class space    used 9138K, committed 9856K, reserved 1048576K
}
Event: 4737.442 GC heap before
{Heap before GC invocations=653 (full 4):
 PSYoungGen      total 6144K, used 5680K [0x00000000d5580000, 0x00000000d5c80000, 0x0000000100000000)
  eden space 5120K, 100% used [0x00000000d5580000,0x00000000d5a80000,0x00000000d5a80000)
  from space 1024K, 54% used [0x00000000d5b80000,0x00000000d5c0c010,0x00000000d5c80000)
  to   space 1024K, 0% used [0x00000000d5a80000,0x00000000d5a80000,0x00000000d5b80000)
 ParOldGen       total 254464K, used 249194K [0x0000000080000000, 0x000000008f880000, 0x00000000d5580000)
  object space 254464K, 97% used [0x0000000080000000,0x000000008f35a940,0x000000008f880000)
 Metaspace       used 87987K, committed 89536K, reserved 1179648K
  class space    used 9138K, committed 9856K, reserved 1048576K
}
Event: 4737.444 GC heap after
{Heap after GC invocations=653 (full 4):
 PSYoungGen      total 6144K, used 928K [0x00000000d5580000, 0x00000000d5c80000, 0x0000000100000000)
  eden space 5120K, 0% used [0x00000000d5580000,0x00000000d5580000,0x00000000d5a80000)
  from space 1024K, 90% used [0x00000000d5a80000,0x00000000d5b68000,0x00000000d5b80000)
  to   space 1024K, 0% used [0x00000000d5b80000,0x00000000d5b80000,0x00000000d5c80000)
 ParOldGen       total 254464K, used 249658K [0x0000000080000000, 0x000000008f880000, 0x00000000d5580000)
  object space 254464K, 98% used [0x0000000080000000,0x000000008f3ce9a0,0x000000008f880000)
 Metaspace       used 87987K, committed 89536K, reserved 1179648K
  class space    used 9138K, committed 9856K, reserved 1048576K
}
Event: 4737.464 GC heap before
{Heap before GC invocations=654 (full 4):
 PSYoungGen      total 6144K, used 6048K [0x00000000d5580000, 0x00000000d5c80000, 0x0000000100000000)
  eden space 5120K, 100% used [0x00000000d5580000,0x00000000d5a80000,0x00000000d5a80000)
  from space 1024K, 90% used [0x00000000d5a80000,0x00000000d5b68000,0x00000000d5b80000)
  to   space 1024K, 0% used [0x00000000d5b80000,0x00000000d5b80000,0x00000000d5c80000)
 ParOldGen       total 254464K, used 249658K [0x0000000080000000, 0x000000008f880000, 0x00000000d5580000)
  object space 254464K, 98% used [0x0000000080000000,0x000000008f3ce9a0,0x000000008f880000)
 Metaspace       used 87989K, committed 89536K, reserved 1179648K
  class space    used 9138K, committed 9856K, reserved 1048576K
}
Event: 4737.466 GC heap after
{Heap after GC invocations=654 (full 4):
 PSYoungGen      total 6144K, used 608K [0x00000000d5580000, 0x00000000d5c80000, 0x0000000100000000)
  eden space 5120K, 0% used [0x00000000d5580000,0x00000000d5580000,0x00000000d5a80000)
  from space 1024K, 59% used [0x00000000d5b80000,0x00000000d5c18000,0x00000000d5c80000)
  to   space 1024K, 0% used [0x00000000d5a80000,0x00000000d5a80000,0x00000000d5b80000)
 ParOldGen       total 254464K, used 250458K [0x0000000080000000, 0x000000008f880000, 0x00000000d5580000)
  object space 254464K, 98% used [0x0000000080000000,0x000000008f4969f0,0x000000008f880000)
 Metaspace       used 87989K, committed 89536K, reserved 1179648K
  class space    used 9138K, committed 9856K, reserved 1048576K
}
Event: 4737.512 GC heap before
{Heap before GC invocations=655 (full 4):
 PSYoungGen      total 6144K, used 5728K [0x00000000d5580000, 0x00000000d5c80000, 0x0000000100000000)
  eden space 5120K, 100% used [0x00000000d5580000,0x00000000d5a80000,0x00000000d5a80000)
  from space 1024K, 59% used [0x00000000d5b80000,0x00000000d5c18000,0x00000000d5c80000)
  to   space 1024K, 0% used [0x00000000d5a80000,0x00000000d5a80000,0x00000000d5b80000)
 ParOldGen       total 254464K, used 250458K [0x0000000080000000, 0x000000008f880000, 0x00000000d5580000)
  object space 254464K, 98% used [0x0000000080000000,0x000000008f4969f0,0x000000008f880000)
 Metaspace       used 87994K, committed 89600K, reserved 1179648K
  class space    used 9138K, committed 9856K, reserved 1048576K
}

