# JRE version: OpenJDK Runtime Environment Temurin-21.0.7+6 (21.0.7+6) (build 21.0.7+6-LTS)
# Java VM: OpenJDK 64-Bit Server VM Temurin-21.0.7+6 (21.0.7+6-LTS, mixed mode, sharing, tiered, compressed oops, compressed class ptrs, parallel gc, windows-amd64)
GC Precious Log:
 CardTable entry size: 512
 CPUs: 8 total, 8 available
 Memory: 7975M
 Large Page Support: Disabled
 NUMA Support: Disabled
 Compressed Oops: Enabled (32-bit)
 Alignments: Space 512K, Generation 512K, Heap 2M
 Heap Min Capacity: 100M
 Heap Initial Capacity: 100M
 Heap Max Capacity: 2G
 Pre-touch: Disabled
 Parallel Workers: 8
Heap:
 PSYoungGen      total 5120K, used 4882K [0x00000000d5580000, 0x00000000d5c80000, 0x0000000100000000)
  eden space 3584K, 100% used [0x00000000d5580000,0x00000000d5900000,0x00000000d5900000)
  from space 1536K, 84% used [0x00000000d5980000,0x00000000d5ac4808,0x00000000d5b00000)
  to   space 1536K, 84% used [0x00000000d5b00000,0x00000000d5c44808,0x00000000d5c80000)
 ParOldGen       total 701440K, used 701417K [0x0000000080000000, 0x00000000aad00000, 0x00000000d5580000)
  object space 701440K, 99% used [0x0000000080000000,0x00000000aacfa740,0x00000000aad00000)
 Metaspace       used 73382K, committed 75008K, reserved 1179648K
  class space    used 7400K, committed 8128K, reserved 1048576K
GC Heap History (20 events):
Event: 99.696 GC heap before
{Heap before GC invocations=969 (full 3):
 PSYoungGen      total 8704K, used 8703K [0x00000000d5580000, 0x00000000d6400000, 0x0000000100000000)
  eden space 7680K, 100% used [0x00000000d5580000,0x00000000d5d00000,0x00000000d5d00000)
  from space 1024K, 99% used [0x00000000d5d80000,0x00000000d5e7fd80,0x00000000d5e80000)
  to   space 3584K, 0% used [0x00000000d6080000,0x00000000d6080000,0x00000000d6400000)
 ParOldGen       total 680448K, used 680015K [0x0000000080000000, 0x00000000a9880000, 0x00000000d5580000)
  object space 680448K, 99% used [0x0000000080000000,0x00000000a9813c30,0x00000000a9880000)
 Metaspace       used 73345K, committed 74944K, reserved 1179648K
  class space    used 7400K, committed 8128K, reserved 1048576K
}
Event: 99.704 GC heap after
{Heap after GC invocations=969 (full 3):
 PSYoungGen      total 7168K, used 3564K [0x00000000d5580000, 0x00000000d6c00000, 0x0000000100000000)
  eden space 3584K, 0% used [0x00000000d5580000,0x00000000d5580000,0x00000000d5900000)
  from space 3584K, 99% used [0x00000000d6080000,0x00000000d63fb280,0x00000000d6400000)
  to   space 7680K, 0% used [0x00000000d5900000,0x00000000d5900000,0x00000000d6080000)
 ParOldGen       total 683520K, used 683340K [0x0000000080000000, 0x00000000a9b80000, 0x00000000d5580000)
  object space 683520K, 99% used [0x0000000080000000,0x00000000a9b533a0,0x00000000a9b80000)
 Metaspace       used 73345K, committed 74944K, reserved 1179648K
  class space    used 7400K, committed 8128K, reserved 1048576K
}
Event: 99.727 GC heap before
{Heap before GC invocations=970 (full 3):
 PSYoungGen      total 7168K, used 7148K [0x00000000d5580000, 0x00000000d6c00000, 0x0000000100000000)
  eden space 3584K, 100% used [0x00000000d5580000,0x00000000d5900000,0x00000000d5900000)
  from space 3584K, 99% used [0x00000000d6080000,0x00000000d63fb280,0x00000000d6400000)
  to   space 7680K, 0% used [0x00000000d5900000,0x00000000d5900000,0x00000000d6080000)
 ParOldGen       total 683520K, used 683340K [0x0000000080000000, 0x00000000a9b80000, 0x00000000d5580000)
  object space 683520K, 99% used [0x0000000080000000,0x00000000a9b533a0,0x00000000a9b80000)
 Metaspace       used 73352K, committed 74944K, reserved 1179648K
  class space    used 7400K, committed 8128K, reserved 1048576K
}
Event: 99.736 GC heap after
{Heap after GC invocations=970 (full 3):
 PSYoungGen      total 7168K, used 3366K [0x00000000d5580000, 0x00000000d6300000, 0x0000000100000000)
  eden space 3584K, 0% used [0x00000000d5580000,0x00000000d5580000,0x00000000d5900000)
  from space 3584K, 93% used [0x00000000d5900000,0x00000000d5c49a38,0x00000000d5c80000)
  to   space 5120K, 0% used [0x00000000d5e00000,0x00000000d5e00000,0x00000000d6300000)
 ParOldGen       total 687104K, used 686806K [0x0000000080000000, 0x00000000a9f00000, 0x00000000d5580000)
  object space 687104K, 99% used [0x0000000080000000,0x00000000a9eb5ae0,0x00000000a9f00000)
 Metaspace       used 73352K, committed 74944K, reserved 1179648K
  class space    used 7400K, committed 8128K, reserved 1048576K
}
Event: 99.753 GC heap before
{Heap before GC invocations=971 (full 3):
 PSYoungGen      total 7168K, used 6950K [0x00000000d5580000, 0x00000000d6300000, 0x0000000100000000)
  eden space 3584K, 100% used [0x00000000d5580000,0x00000000d5900000,0x00000000d5900000)
  from space 3584K, 93% used [0x00000000d5900000,0x00000000d5c49a38,0x00000000d5c80000)
  to   space 5120K, 0% used [0x00000000d5e00000,0x00000000d5e00000,0x00000000d6300000)
 ParOldGen       total 687104K, used 686806K [0x0000000080000000, 0x00000000a9f00000, 0x00000000d5580000)
  object space 687104K, 99% used [0x0000000080000000,0x00000000a9eb5ae0,0x00000000a9f00000)
 Metaspace       used 73352K, committed 74944K, reserved 1179648K
  class space    used 7400K, committed 8128K, reserved 1048576K
}
Event: 99.758 GC heap after
{Heap after GC invocations=971 (full 3):
 PSYoungGen      total 7680K, used 3661K [0x00000000d5580000, 0x00000000d6200000, 0x0000000100000000)
  eden space 3584K, 0% used [0x00000000d5580000,0x00000000d5580000,0x00000000d5900000)
  from space 4096K, 89% used [0x00000000d5e00000,0x00000000d6193410,0x00000000d6200000)
  to   space 4096K, 0% used [0x00000000d5a00000,0x00000000d5a00000,0x00000000d5e00000)
 ParOldGen       total 688128K, used 688119K [0x0000000080000000, 0x00000000aa000000, 0x00000000d5580000)
  object space 688128K, 99% used [0x0000000080000000,0x00000000a9ffdd28,0x00000000aa000000)
 Metaspace       used 73352K, committed 74944K, reserved 1179648K
  class space    used 7400K, committed 8128K, reserved 1048576K
}
Event: 99.834 GC heap before
{Heap before GC invocations=972 (full 3):
 PSYoungGen      total 7680K, used 7245K [0x00000000d5580000, 0x00000000d6200000, 0x0000000100000000)
  eden space 3584K, 100% used [0x00000000d5580000,0x00000000d5900000,0x00000000d5900000)
  from space 4096K, 89% used [0x00000000d5e00000,0x00000000d6193410,0x00000000d6200000)
  to   space 4096K, 0% used [0x00000000d5a00000,0x00000000d5a00000,0x00000000d5e00000)
 ParOldGen       total 688128K, used 688119K [0x0000000080000000, 0x00000000aa000000, 0x00000000d5580000)
  object space 688128K, 99% used [0x0000000080000000,0x00000000a9ffdd28,0x00000000aa000000)
 Metaspace       used 73371K, committed 75008K, reserved 1179648K
  class space    used 7400K, committed 8128K, reserved 1048576K
}
Event: 99.841 GC heap after
{Heap after GC invocations=972 (full 3):
 PSYoungGen      total 5632K, used 1589K [0x00000000d5580000, 0x00000000d5e80000, 0x0000000100000000)
  eden space 3584K, 0% used [0x00000000d5580000,0x00000000d5580000,0x00000000d5900000)
  from space 2048K, 77% used [0x00000000d5a00000,0x00000000d5b8d600,0x00000000d5c00000)
  to   space 2560K, 0% used [0x00000000d5c00000,0x00000000d5c00000,0x00000000d5e80000)
 ParOldGen       total 691712K, used 691447K [0x0000000080000000, 0x00000000aa380000, 0x00000000d5580000)
  object space 691712K, 99% used [0x0000000080000000,0x00000000aa33dfa8,0x00000000aa380000)
 Metaspace       used 73371K, committed 75008K, reserved 1179648K
  class space    used 7400K, committed 8128K, reserved 1048576K
}
Event: 100.018 GC heap before
{Heap before GC invocations=973 (full 3):
 PSYoungGen      total 5632K, used 5173K [0x00000000d5580000, 0x00000000d5e80000, 0x0000000100000000)
  eden space 3584K, 100% used [0x00000000d5580000,0x00000000d5900000,0x00000000d5900000)
  from space 2048K, 77% used [0x00000000d5a00000,0x00000000d5b8d600,0x00000000d5c00000)
  to   space 2560K, 0% used [0x00000000d5c00000,0x00000000d5c00000,0x00000000d5e80000)
 ParOldGen       total 691712K, used 691447K [0x0000000080000000, 0x00000000aa380000, 0x00000000d5580000)
  object space 691712K, 99% used [0x0000000080000000,0x00000000aa33dfa8,0x00000000aa380000)
 Metaspace       used 73377K, committed 75008K, reserved 1179648K
  class space    used 7400K, committed 8128K, reserved 1048576K
}
Event: 100.025 GC heap after
{Heap after GC invocations=973 (full 3):
 PSYoungGen      total 5632K, used 1600K [0x00000000d5580000, 0x00000000d5e00000, 0x0000000100000000)
  eden space 3584K, 0% used [0x00000000d5580000,0x00000000d5580000,0x00000000d5900000)
  from space 2048K, 78% used [0x00000000d5c00000,0x00000000d5d90018,0x00000000d5e00000)
  to   space 2048K, 0% used [0x00000000d5a00000,0x00000000d5a00000,0x00000000d5c00000)
 ParOldGen       total 692736K, used 692585K [0x0000000080000000, 0x00000000aa480000, 0x00000000d5580000)
  object space 692736K, 99% used [0x0000000080000000,0x00000000aa45a7b0,0x00000000aa480000)
 Metaspace       used 73377K, committed 75008K, reserved 1179648K
  class space    used 7400K, committed 8128K, reserved 1048576K
}
Event: 100.109 GC heap before
{Heap before GC invocations=974 (full 3):
 PSYoungGen      total 5632K, used 5184K [0x00000000d5580000, 0x00000000d5e00000, 0x0000000100000000)
  eden space 3584K, 100% used [0x00000000d5580000,0x00000000d5900000,0x00000000d5900000)
  from space 2048K, 78% used [0x00000000d5c00000,0x00000000d5d90018,0x00000000d5e00000)
  to   space 2048K, 0% used [0x00000000d5a00000,0x00000000d5a00000,0x00000000d5c00000)
 ParOldGen       total 692736K, used 692585K [0x0000000080000000, 0x00000000aa480000, 0x00000000d5580000)
  object space 692736K, 99% used [0x0000000080000000,0x00000000aa45a7b0,0x00000000aa480000)
 Metaspace       used 73379K, committed 75008K, reserved 1179648K
  class space    used 7400K, committed 8128K, reserved 1048576K
}
Event: 100.117 GC heap after
{Heap after GC invocations=974 (full 3):
 PSYoungGen      total 5632K, used 2039K [0x00000000d5580000, 0x00000000d6200000, 0x0000000100000000)
  eden space 3584K, 0% used [0x00000000d5580000,0x00000000d5580000,0x00000000d5900000)
  from space 2048K, 99% used [0x00000000d5a00000,0x00000000d5bfdd30,0x00000000d5c00000)
  to   space 4608K, 0% used [0x00000000d5d80000,0x00000000d5d80000,0x00000000d6200000)
 ParOldGen       total 694784K, used 694410K [0x0000000080000000, 0x00000000aa680000, 0x00000000d5580000)
  object space 694784K, 99% used [0x0000000080000000,0x00000000aa622aa0,0x00000000aa680000)
 Metaspace       used 73379K, committed 75008K, reserved 1179648K
  class space    used 7400K, committed 8128K, reserved 1048576K
}
Event: 100.202 GC heap before
{Heap before GC invocations=975 (full 3):
 PSYoungGen      total 5632K, used 5623K [0x00000000d5580000, 0x00000000d6200000, 0x0000000100000000)
  eden space 3584K, 100% used [0x00000000d5580000,0x00000000d5900000,0x00000000d5900000)
  from space 2048K, 99% used [0x00000000d5a00000,0x00000000d5bfdd30,0x00000000d5c00000)
  to   space 4608K, 0% used [0x00000000d5d80000,0x00000000d5d80000,0x00000000d6200000)
 ParOldGen       total 694784K, used 694410K [0x0000000080000000, 0x00000000aa680000, 0x00000000d5580000)
  object space 694784K, 99% used [0x0000000080000000,0x00000000aa622aa0,0x00000000aa680000)
 Metaspace       used 73382K, committed 75008K, reserved 1179648K
  class space    used 7400K, committed 8128K, reserved 1048576K
}
Event: 100.210 GC heap after
{Heap after GC invocations=975 (full 3):
 PSYoungGen      total 5632K, used 1930K [0x00000000d5580000, 0x00000000d5f80000, 0x0000000100000000)
  eden space 3584K, 0% used [0x00000000d5580000,0x00000000d5580000,0x00000000d5900000)
  from space 2048K, 94% used [0x00000000d5d80000,0x00000000d5f629b0,0x00000000d5f80000)
  to   space 3072K, 0% used [0x00000000d5980000,0x00000000d5980000,0x00000000d5c80000)
 ParOldGen       total 696832K, used 696464K [0x0000000080000000, 0x00000000aa880000, 0x00000000d5580000)
  object space 696832K, 99% used [0x0000000080000000,0x00000000aa824150,0x00000000aa880000)
 Metaspace       used 73382K, committed 75008K, reserved 1179648K
  class space    used 7400K, committed 8128K, reserved 1048576K
}
Event: 100.236 GC heap before
{Heap before GC invocations=976 (full 3):
 PSYoungGen      total 5632K, used 5514K [0x00000000d5580000, 0x00000000d5f80000, 0x0000000100000000)
  eden space 3584K, 100% used [0x00000000d5580000,0x00000000d5900000,0x00000000d5900000)
  from space 2048K, 94% used [0x00000000d5d80000,0x00000000d5f629b0,0x00000000d5f80000)
  to   space 3072K, 0% used [0x00000000d5980000,0x00000000d5980000,0x00000000d5c80000)
 ParOldGen       total 696832K, used 696464K [0x0000000080000000, 0x00000000aa880000, 0x00000000d5580000)
  object space 696832K, 99% used [0x0000000080000000,0x00000000aa824150,0x00000000aa880000)
 Metaspace       used 73382K, committed 75008K, reserved 1179648K
  class space    used 7400K, committed 8128K, reserved 1048576K
}
Event: 100.241 GC heap after
{Heap after GC invocations=976 (full 3):
 PSYoungGen      total 6144K, used 2544K [0x00000000d5580000, 0x00000000d5f00000, 0x0000000100000000)
  eden space 3584K, 0% used [0x00000000d5580000,0x00000000d5580000,0x00000000d5900000)
  from space 2560K, 99% used [0x00000000d5980000,0x00000000d5bfc1e8,0x00000000d5c00000)
  to   space 3072K, 0% used [0x00000000d5c00000,0x00000000d5c00000,0x00000000d5f00000)
 ParOldGen       total 698368K, used 698242K [0x0000000080000000, 0x00000000aaa00000, 0x00000000d5580000)
  object space 698368K, 99% used [0x0000000080000000,0x00000000aa9e0b10,0x00000000aaa00000)
 Metaspace       used 73382K, committed 75008K, reserved 1179648K
  class space    used 7400K, committed 8128K, reserved 1048576K
}
Event: 100.305 GC heap before
{Heap before GC invocations=977 (full 3):
 PSYoungGen      total 6144K, used 6128K [0x00000000d5580000, 0x00000000d5f00000, 0x0000000100000000)
  eden space 3584K, 100% used [0x00000000d5580000,0x00000000d5900000,0x00000000d5900000)
  from space 2560K, 99% used [0x00000000d5980000,0x00000000d5bfc1e8,0x00000000d5c00000)
  to   space 3072K, 0% used [0x00000000d5c00000,0x00000000d5c00000,0x00000000d5f00000)
 ParOldGen       total 698368K, used 698242K [0x0000000080000000, 0x00000000aaa00000, 0x00000000d5580000)
  object space 698368K, 99% used [0x0000000080000000,0x00000000aa9e0b10,0x00000000aaa00000)
 Metaspace       used 73382K, committed 75008K, reserved 1179648K
  class space    used 7400K, committed 8128K, reserved 1048576K
}
Event: 100.311 GC heap after
{Heap after GC invocations=977 (full 3):
 PSYoungGen      total 5120K, used 1380K [0x00000000d5580000, 0x00000000d5d80000, 0x0000000100000000)
  eden space 3584K, 0% used [0x00000000d5580000,0x00000000d5580000,0x00000000d5900000)
  from space 1536K, 89% used [0x00000000d5c00000,0x00000000d5d59008,0x00000000d5d80000)
  to   space 2048K, 0% used [0x00000000d5980000,0x00000000d5980000,0x00000000d5b80000)
 ParOldGen       total 699904K, used 699671K [0x0000000080000000, 0x00000000aab80000, 0x00000000d5580000)
  object space 699904K, 99% used [0x0000000080000000,0x00000000aab45e50,0x00000000aab80000)
 Metaspace       used 73382K, committed 75008K, reserved 1179648K
  class space    used 7400K, committed 8128K, reserved 1048576K
}
Event: 100.370 GC heap before
{Heap before GC invocations=978 (full 3):
 PSYoungGen      total 5120K, used 4964K [0x00000000d5580000, 0x00000000d5d80000, 0x0000000100000000)
  eden space 3584K, 100% used [0x00000000d5580000,0x00000000d5900000,0x00000000d5900000)
  from space 1536K, 89% used [0x00000000d5c00000,0x00000000d5d59008,0x00000000d5d80000)
  to   space 2048K, 0% used [0x00000000d5980000,0x00000000d5980000,0x00000000d5b80000)
 ParOldGen       total 699904K, used 699671K [0x0000000080000000, 0x00000000aab80000, 0x00000000d5580000)
  object space 699904K, 99% used [0x0000000080000000,0x00000000aab45e50,0x00000000aab80000)
 Metaspace       used 73382K, committed 75008K, reserved 1179648K
  class space    used 7400K, committed 8128K, reserved 1048576K
}
Event: 100.374 GC heap after
{Heap after GC invocations=978 (full 3):
 PSYoungGen      total 5120K, used 1298K [0x00000000d5580000, 0x00000000d5c80000, 0x0000000100000000)
  eden space 3584K, 0% used [0x00000000d5580000,0x00000000d5580000,0x00000000d5900000)
  from space 1536K, 84% used [0x00000000d5980000,0x00000000d5ac4808,0x00000000d5b00000)
  to   space 1536K, 0% used [0x00000000d5b00000,0x00000000d5b00000,0x00000000d5c80000)
 ParOldGen       total 700928K, used 700741K [0x0000000080000000, 0x00000000aac80000, 0x00000000d5580000)
  object space 700928K, 99% used [0x0000000080000000,0x00000000aac51578,0x00000000aac80000)
 Metaspace       used 73382K, committed 75008K, reserved 1179648K
  class space    used 7400K, committed 8128K, reserved 1048576K
}

