# JRE version: OpenJDK Runtime Environment Temurin-21.0.8+9 (21.0.8+9) (build 21.0.8+9-LTS)
# Java VM: OpenJDK 64-Bit Server VM Temurin-21.0.8+9 (21.0.8+9-LTS, mixed mode, sharing, tiered, compressed oops, compressed class ptrs, parallel gc, windows-amd64)
GC Precious Log:
 CardTable entry size: 512
 CPUs: 8 total, 8 available
 Memory: 7975M
 Large Page Support: Disabled
 NUMA Support: Disabled
 Compressed Oops: Enabled (32-bit)
 Alignments: Space 512K, Generation 512K, Heap 2M
 Heap Min Capacity: 100M
 Heap Initial Capacity: 100M
 Heap Max Capacity: 2G
 Pre-touch: Disabled
 Parallel Workers: 8
Heap:
 PSYoungGen      total 8192K, used 4299K [0x00000000d5580000, 0x00000000d5f00000, 0x0000000100000000)
  eden space 7168K, 48% used [0x00000000d5580000,0x00000000d58eae48,0x00000000d5c80000)
  from space 1024K, 78% used [0x00000000d5e00000,0x00000000d5ec8000,0x00000000d5f00000)
  to   space 1024K, 0% used [0x00000000d5d00000,0x00000000d5d00000,0x00000000d5e00000)
 ParOldGen       total 593920K, used 593591K [0x0000000080000000, 0x00000000a4400000, 0x00000000d5580000)
  object space 593920K, 99% used [0x0000000080000000,0x00000000a43ade28,0x00000000a4400000)
 Metaspace       used 68513K, committed 70016K, reserved 1114112K
  class space    used 7038K, committed 7744K, reserved 1048576K
GC Heap History (20 events):
Event: 26.641 GC heap after
{Heap after GC invocations=753 (full 3):
 PSYoungGen      total 6656K, used 832K [0x00000000d5580000, 0x00000000d5d00000, 0x0000000100000000)
  eden space 5632K, 0% used [0x00000000d5580000,0x00000000d5580000,0x00000000d5b00000)
  from space 1024K, 81% used [0x00000000d5c00000,0x00000000d5cd0000,0x00000000d5d00000)
  to   space 1024K, 0% used [0x00000000d5b00000,0x00000000d5b00000,0x00000000d5c00000)
 ParOldGen       total 585216K, used 584750K [0x0000000080000000, 0x00000000a3b80000, 0x00000000d5580000)
  object space 585216K, 99% used [0x0000000080000000,0x00000000a3b0baf8,0x00000000a3b80000)
 Metaspace       used 68510K, committed 70016K, reserved 1114112K
  class space    used 7038K, committed 7744K, reserved 1048576K
}
Event: 26.651 GC heap before
{Heap before GC invocations=754 (full 3):
 PSYoungGen      total 6656K, used 6464K [0x00000000d5580000, 0x00000000d5d00000, 0x0000000100000000)
  eden space 5632K, 100% used [0x00000000d5580000,0x00000000d5b00000,0x00000000d5b00000)
  from space 1024K, 81% used [0x00000000d5c00000,0x00000000d5cd0000,0x00000000d5d00000)
  to   space 1024K, 0% used [0x00000000d5b00000,0x00000000d5b00000,0x00000000d5c00000)
 ParOldGen       total 585216K, used 584750K [0x0000000080000000, 0x00000000a3b80000, 0x00000000d5580000)
  object space 585216K, 99% used [0x0000000080000000,0x00000000a3b0baf8,0x00000000a3b80000)
 Metaspace       used 68510K, committed 70016K, reserved 1114112K
  class space    used 7038K, committed 7744K, reserved 1048576K
}
Event: 26.653 GC heap after
{Heap after GC invocations=754 (full 3):
 PSYoungGen      total 6656K, used 1016K [0x00000000d5580000, 0x00000000d5e00000, 0x0000000100000000)
  eden space 5632K, 0% used [0x00000000d5580000,0x00000000d5580000,0x00000000d5b00000)
  from space 1024K, 99% used [0x00000000d5b00000,0x00000000d5bfe008,0x00000000d5c00000)
  to   space 1536K, 0% used [0x00000000d5c80000,0x00000000d5c80000,0x00000000d5e00000)
 ParOldGen       total 585728K, used 585462K [0x0000000080000000, 0x00000000a3c00000, 0x00000000d5580000)
  object space 585728K, 99% used [0x0000000080000000,0x00000000a3bbdaf8,0x00000000a3c00000)
 Metaspace       used 68510K, committed 70016K, reserved 1114112K
  class space    used 7038K, committed 7744K, reserved 1048576K
}
Event: 26.708 GC heap before
{Heap before GC invocations=755 (full 3):
 PSYoungGen      total 6656K, used 6648K [0x00000000d5580000, 0x00000000d5e00000, 0x0000000100000000)
  eden space 5632K, 100% used [0x00000000d5580000,0x00000000d5b00000,0x00000000d5b00000)
  from space 1024K, 99% used [0x00000000d5b00000,0x00000000d5bfe008,0x00000000d5c00000)
  to   space 1536K, 0% used [0x00000000d5c80000,0x00000000d5c80000,0x00000000d5e00000)
 ParOldGen       total 585728K, used 585462K [0x0000000080000000, 0x00000000a3c00000, 0x00000000d5580000)
  object space 585728K, 99% used [0x0000000080000000,0x00000000a3bbdaf8,0x00000000a3c00000)
 Metaspace       used 68512K, committed 70016K, reserved 1114112K
  class space    used 7038K, committed 7744K, reserved 1048576K
}
Event: 26.710 GC heap after
{Heap after GC invocations=755 (full 3):
 PSYoungGen      total 6656K, used 672K [0x00000000d5580000, 0x00000000d5d80000, 0x0000000100000000)
  eden space 5632K, 0% used [0x00000000d5580000,0x00000000d5580000,0x00000000d5b00000)
  from space 1024K, 65% used [0x00000000d5c80000,0x00000000d5d28008,0x00000000d5d80000)
  to   space 1024K, 0% used [0x00000000d5b00000,0x00000000d5b00000,0x00000000d5c00000)
 ParOldGen       total 586752K, used 586350K [0x0000000080000000, 0x00000000a3d00000, 0x00000000d5580000)
  object space 586752K, 99% used [0x0000000080000000,0x00000000a3c9bb00,0x00000000a3d00000)
 Metaspace       used 68512K, committed 70016K, reserved 1114112K
  class space    used 7038K, committed 7744K, reserved 1048576K
}
Event: 26.720 GC heap before
{Heap before GC invocations=756 (full 3):
 PSYoungGen      total 6656K, used 6304K [0x00000000d5580000, 0x00000000d5d80000, 0x0000000100000000)
  eden space 5632K, 100% used [0x00000000d5580000,0x00000000d5b00000,0x00000000d5b00000)
  from space 1024K, 65% used [0x00000000d5c80000,0x00000000d5d28008,0x00000000d5d80000)
  to   space 1024K, 0% used [0x00000000d5b00000,0x00000000d5b00000,0x00000000d5c00000)
 ParOldGen       total 586752K, used 586350K [0x0000000080000000, 0x00000000a3d00000, 0x00000000d5580000)
  object space 586752K, 99% used [0x0000000080000000,0x00000000a3c9bb00,0x00000000a3d00000)
 Metaspace       used 68512K, committed 70016K, reserved 1114112K
  class space    used 7038K, committed 7744K, reserved 1048576K
}
Event: 26.721 GC heap after
{Heap after GC invocations=756 (full 3):
 PSYoungGen      total 6656K, used 864K [0x00000000d5580000, 0x00000000d5d00000, 0x0000000100000000)
  eden space 5632K, 0% used [0x00000000d5580000,0x00000000d5580000,0x00000000d5b00000)
  from space 1024K, 84% used [0x00000000d5b00000,0x00000000d5bd8000,0x00000000d5c00000)
  to   space 1024K, 0% used [0x00000000d5c00000,0x00000000d5c00000,0x00000000d5d00000)
 ParOldGen       total 587264K, used 586894K [0x0000000080000000, 0x00000000a3d80000, 0x00000000d5580000)
  object space 587264K, 99% used [0x0000000080000000,0x00000000a3d23b08,0x00000000a3d80000)
 Metaspace       used 68512K, committed 70016K, reserved 1114112K
  class space    used 7038K, committed 7744K, reserved 1048576K
}
Event: 26.732 GC heap before
{Heap before GC invocations=757 (full 3):
 PSYoungGen      total 6656K, used 6496K [0x00000000d5580000, 0x00000000d5d00000, 0x0000000100000000)
  eden space 5632K, 100% used [0x00000000d5580000,0x00000000d5b00000,0x00000000d5b00000)
  from space 1024K, 84% used [0x00000000d5b00000,0x00000000d5bd8000,0x00000000d5c00000)
  to   space 1024K, 0% used [0x00000000d5c00000,0x00000000d5c00000,0x00000000d5d00000)
 ParOldGen       total 587264K, used 586894K [0x0000000080000000, 0x00000000a3d80000, 0x00000000d5580000)
  object space 587264K, 99% used [0x0000000080000000,0x00000000a3d23b08,0x00000000a3d80000)
 Metaspace       used 68512K, committed 70016K, reserved 1114112K
  class space    used 7038K, committed 7744K, reserved 1048576K
}
Event: 26.733 GC heap after
{Heap after GC invocations=757 (full 3):
 PSYoungGen      total 6656K, used 854K [0x00000000d5580000, 0x00000000d5d00000, 0x0000000100000000)
  eden space 5632K, 0% used [0x00000000d5580000,0x00000000d5580000,0x00000000d5b00000)
  from space 1024K, 83% used [0x00000000d5c00000,0x00000000d5cd5808,0x00000000d5d00000)
  to   space 1024K, 0% used [0x00000000d5b00000,0x00000000d5b00000,0x00000000d5c00000)
 ParOldGen       total 587776K, used 587614K [0x0000000080000000, 0x00000000a3e00000, 0x00000000d5580000)
  object space 587776K, 99% used [0x0000000080000000,0x00000000a3dd7b08,0x00000000a3e00000)
 Metaspace       used 68512K, committed 70016K, reserved 1114112K
  class space    used 7038K, committed 7744K, reserved 1048576K
}
Event: 26.744 GC heap before
{Heap before GC invocations=758 (full 3):
 PSYoungGen      total 6656K, used 6486K [0x00000000d5580000, 0x00000000d5d00000, 0x0000000100000000)
  eden space 5632K, 100% used [0x00000000d5580000,0x00000000d5b00000,0x00000000d5b00000)
  from space 1024K, 83% used [0x00000000d5c00000,0x00000000d5cd5808,0x00000000d5d00000)
  to   space 1024K, 0% used [0x00000000d5b00000,0x00000000d5b00000,0x00000000d5c00000)
 ParOldGen       total 587776K, used 587614K [0x0000000080000000, 0x00000000a3e00000, 0x00000000d5580000)
  object space 587776K, 99% used [0x0000000080000000,0x00000000a3dd7b08,0x00000000a3e00000)
 Metaspace       used 68513K, committed 70016K, reserved 1114112K
  class space    used 7038K, committed 7744K, reserved 1048576K
}
Event: 26.745 GC heap after
{Heap after GC invocations=758 (full 3):
 PSYoungGen      total 6656K, used 768K [0x00000000d5580000, 0x00000000d5d00000, 0x0000000100000000)
  eden space 5632K, 0% used [0x00000000d5580000,0x00000000d5580000,0x00000000d5b00000)
  from space 1024K, 75% used [0x00000000d5b00000,0x00000000d5bc0000,0x00000000d5c00000)
  to   space 1024K, 0% used [0x00000000d5c00000,0x00000000d5c00000,0x00000000d5d00000)
 ParOldGen       total 588800K, used 588412K [0x0000000080000000, 0x00000000a3f00000, 0x00000000d5580000)
  object space 588800K, 99% used [0x0000000080000000,0x00000000a3e9f310,0x00000000a3f00000)
 Metaspace       used 68513K, committed 70016K, reserved 1114112K
  class space    used 7038K, committed 7744K, reserved 1048576K
}
Event: 26.754 GC heap before
{Heap before GC invocations=759 (full 3):
 PSYoungGen      total 6656K, used 6400K [0x00000000d5580000, 0x00000000d5d00000, 0x0000000100000000)
  eden space 5632K, 100% used [0x00000000d5580000,0x00000000d5b00000,0x00000000d5b00000)
  from space 1024K, 75% used [0x00000000d5b00000,0x00000000d5bc0000,0x00000000d5c00000)
  to   space 1024K, 0% used [0x00000000d5c00000,0x00000000d5c00000,0x00000000d5d00000)
 ParOldGen       total 588800K, used 588412K [0x0000000080000000, 0x00000000a3f00000, 0x00000000d5580000)
  object space 588800K, 99% used [0x0000000080000000,0x00000000a3e9f310,0x00000000a3f00000)
 Metaspace       used 68513K, committed 70016K, reserved 1114112K
  class space    used 7038K, committed 7744K, reserved 1048576K
}
Event: 26.756 GC heap after
{Heap after GC invocations=759 (full 3):
 PSYoungGen      total 6656K, used 844K [0x00000000d5580000, 0x00000000d5d00000, 0x0000000100000000)
  eden space 5632K, 0% used [0x00000000d5580000,0x00000000d5580000,0x00000000d5b00000)
  from space 1024K, 82% used [0x00000000d5c00000,0x00000000d5cd3008,0x00000000d5d00000)
  to   space 1024K, 0% used [0x00000000d5b00000,0x00000000d5b00000,0x00000000d5c00000)
 ParOldGen       total 589312K, used 589116K [0x0000000080000000, 0x00000000a3f80000, 0x00000000d5580000)
  object space 589312K, 99% used [0x0000000080000000,0x00000000a3f4f310,0x00000000a3f80000)
 Metaspace       used 68513K, committed 70016K, reserved 1114112K
  class space    used 7038K, committed 7744K, reserved 1048576K
}
Event: 26.764 GC heap before
{Heap before GC invocations=760 (full 3):
 PSYoungGen      total 6656K, used 6476K [0x00000000d5580000, 0x00000000d5d00000, 0x0000000100000000)
  eden space 5632K, 100% used [0x00000000d5580000,0x00000000d5b00000,0x00000000d5b00000)
  from space 1024K, 82% used [0x00000000d5c00000,0x00000000d5cd3008,0x00000000d5d00000)
  to   space 1024K, 0% used [0x00000000d5b00000,0x00000000d5b00000,0x00000000d5c00000)
 ParOldGen       total 589312K, used 589116K [0x0000000080000000, 0x00000000a3f80000, 0x00000000d5580000)
  object space 589312K, 99% used [0x0000000080000000,0x00000000a3f4f310,0x00000000a3f80000)
 Metaspace       used 68513K, committed 70016K, reserved 1114112K
  class space    used 7038K, committed 7744K, reserved 1048576K
}
Event: 26.765 GC heap after
{Heap after GC invocations=760 (full 3):
 PSYoungGen      total 6656K, used 768K [0x00000000d5580000, 0x00000000d5d00000, 0x0000000100000000)
  eden space 5632K, 0% used [0x00000000d5580000,0x00000000d5580000,0x00000000d5b00000)
  from space 1024K, 75% used [0x00000000d5b00000,0x00000000d5bc0000,0x00000000d5c00000)
  to   space 1024K, 0% used [0x00000000d5c00000,0x00000000d5c00000,0x00000000d5d00000)
 ParOldGen       total 590336K, used 589872K [0x0000000080000000, 0x00000000a4080000, 0x00000000d5580000)
  object space 590336K, 99% used [0x0000000080000000,0x00000000a400c318,0x00000000a4080000)
 Metaspace       used 68513K, committed 70016K, reserved 1114112K
  class space    used 7038K, committed 7744K, reserved 1048576K
}
Event: 26.775 GC heap before
{Heap before GC invocations=761 (full 3):
 PSYoungGen      total 6656K, used 6400K [0x00000000d5580000, 0x00000000d5d00000, 0x0000000100000000)
  eden space 5632K, 100% used [0x00000000d5580000,0x00000000d5b00000,0x00000000d5b00000)
  from space 1024K, 75% used [0x00000000d5b00000,0x00000000d5bc0000,0x00000000d5c00000)
  to   space 1024K, 0% used [0x00000000d5c00000,0x00000000d5c00000,0x00000000d5d00000)
 ParOldGen       total 590336K, used 589872K [0x0000000080000000, 0x00000000a4080000, 0x00000000d5580000)
  object space 590336K, 99% used [0x0000000080000000,0x00000000a400c318,0x00000000a4080000)
 Metaspace       used 68513K, committed 70016K, reserved 1114112K
  class space    used 7038K, committed 7744K, reserved 1048576K
}
Event: 26.777 GC heap after
{Heap after GC invocations=761 (full 3):
 PSYoungGen      total 6656K, used 864K [0x00000000d5580000, 0x00000000d5d00000, 0x0000000100000000)
  eden space 5632K, 0% used [0x00000000d5580000,0x00000000d5580000,0x00000000d5b00000)
  from space 1024K, 84% used [0x00000000d5c00000,0x00000000d5cd8000,0x00000000d5d00000)
  to   space 1024K, 0% used [0x00000000d5b00000,0x00000000d5b00000,0x00000000d5c00000)
 ParOldGen       total 590848K, used 590551K [0x0000000080000000, 0x00000000a4100000, 0x00000000d5580000)
  object space 590848K, 99% used [0x0000000080000000,0x00000000a40b5e20,0x00000000a4100000)
 Metaspace       used 68513K, committed 70016K, reserved 1114112K
  class space    used 7038K, committed 7744K, reserved 1048576K
}
Event: 26.785 GC heap before
{Heap before GC invocations=762 (full 3):
 PSYoungGen      total 6656K, used 6496K [0x00000000d5580000, 0x00000000d5d00000, 0x0000000100000000)
  eden space 5632K, 100% used [0x00000000d5580000,0x00000000d5b00000,0x00000000d5b00000)
  from space 1024K, 84% used [0x00000000d5c00000,0x00000000d5cd8000,0x00000000d5d00000)
  to   space 1024K, 0% used [0x00000000d5b00000,0x00000000d5b00000,0x00000000d5c00000)
 ParOldGen       total 590848K, used 590551K [0x0000000080000000, 0x00000000a4100000, 0x00000000d5580000)
  object space 590848K, 99% used [0x0000000080000000,0x00000000a40b5e20,0x00000000a4100000)
 Metaspace       used 68513K, committed 70016K, reserved 1114112K
  class space    used 7038K, committed 7744K, reserved 1048576K
}
Event: 26.788 GC heap after
{Heap after GC invocations=762 (full 3):
 PSYoungGen      total 6656K, used 736K [0x00000000d5580000, 0x00000000d5d00000, 0x0000000100000000)
  eden space 5632K, 0% used [0x00000000d5580000,0x00000000d5580000,0x00000000d5b00000)
  from space 1024K, 71% used [0x00000000d5b00000,0x00000000d5bb8000,0x00000000d5c00000)
  to   space 1024K, 0% used [0x00000000d5c00000,0x00000000d5c00000,0x00000000d5d00000)
 ParOldGen       total 591360K, used 591279K [0x0000000080000000, 0x00000000a4180000, 0x00000000d5580000)
  object space 591360K, 99% used [0x0000000080000000,0x00000000a416be20,0x00000000a4180000)
 Metaspace       used 68513K, committed 70016K, reserved 1114112K
  class space    used 7038K, committed 7744K, reserved 1048576K
}
Event: 26.797 GC heap before
{Heap before GC invocations=763 (full 3):
 PSYoungGen      total 6656K, used 6368K [0x00000000d5580000, 0x00000000d5d00000, 0x0000000100000000)
  eden space 5632K, 100% used [0x00000000d5580000,0x00000000d5b00000,0x00000000d5b00000)
  from space 1024K, 71% used [0x00000000d5b00000,0x00000000d5bb8000,0x00000000d5c00000)
  to   space 1024K, 0% used [0x00000000d5c00000,0x00000000d5c00000,0x00000000d5d00000)
 ParOldGen       total 591360K, used 591279K [0x0000000080000000, 0x00000000a4180000, 0x00000000d5580000)
  object space 591360K, 99% used [0x0000000080000000,0x00000000a416be20,0x00000000a4180000)
 Metaspace       used 68513K, committed 70016K, reserved 1114112K
  class space    used 7038K, committed 7744K, reserved 1048576K
}

