# JRE version: OpenJDK Runtime Environment Temurin-21.0.5+11 (21.0.5+11) (build 21.0.5+11-LTS)
# Java VM: OpenJDK 64-Bit Server VM Temurin-21.0.5+11 (21.0.5+11-LTS, mixed mode, sharing, tiered, compressed oops, compressed class ptrs, parallel gc, windows-amd64)
GC Precious Log:
 CardTable entry size: 512
 CPUs: 8 total, 8 available
 Memory: 7975M
 Large Page Support: Disabled
 NUMA Support: Disabled
 Compressed Oops: Enabled (32-bit)
 Alignments: Space 512K, Generation 512K, Heap 2M
 Heap Min Capacity: 100M
 Heap Initial Capacity: 100M
 Heap Max Capacity: 1G
 Pre-touch: Disabled
 Parallel Workers: 8
Heap:
 PSYoungGen      total 6656K, used 5408K [0x00000000eab00000, 0x00000000eb300000, 0x0000000100000000)
  eden space 5120K, 79% used [0x00000000eab00000,0x00000000eaefb4d8,0x00000000eb000000)
  from space 1536K, 86% used [0x00000000eb000000,0x00000000eb14cd20,0x00000000eb180000)
  to   space 1536K, 0% used [0x00000000eb180000,0x00000000eb180000,0x00000000eb300000)
 ParOldGen       total 224256K, used 189182K [0x00000000c0000000, 0x00000000cdb00000, 0x00000000eab00000)
  object space 224256K, 84% used [0x00000000c0000000,0x00000000cb8bfa30,0x00000000cdb00000)
 Metaspace       used 64713K, committed 65984K, reserved 1114112K
  class space    used 6640K, committed 7232K, reserved 1048576K
GC Heap History (20 events):
Event: 18.331 GC heap before
{Heap before GC invocations=115 (full 3):
 PSYoungGen      total 6656K, used 6415K [0x00000000eab00000, 0x00000000eb300000, 0x0000000100000000)
  eden space 5120K, 100% used [0x00000000eab00000,0x00000000eb000000,0x00000000eb000000)
  from space 1536K, 84% used [0x00000000eb000000,0x00000000eb143f70,0x00000000eb180000)
  to   space 1536K, 0% used [0x00000000eb180000,0x00000000eb180000,0x00000000eb300000)
 ParOldGen       total 216576K, used 216532K [0x00000000c0000000, 0x00000000cd380000, 0x00000000eab00000)
  object space 216576K, 99% used [0x00000000c0000000,0x00000000cd3750c8,0x00000000cd380000)
 Metaspace       used 64689K, committed 65984K, reserved 1114112K
  class space    used 6640K, committed 7232K, reserved 1048576K
}
Event: 18.335 GC heap after
{Heap after GC invocations=115 (full 3):
 PSYoungGen      total 6656K, used 1278K [0x00000000eab00000, 0x00000000eb300000, 0x0000000100000000)
  eden space 5120K, 0% used [0x00000000eab00000,0x00000000eab00000,0x00000000eb000000)
  from space 1536K, 83% used [0x00000000eb180000,0x00000000eb2bf8e0,0x00000000eb300000)
  to   space 1536K, 0% used [0x00000000eb000000,0x00000000eb000000,0x00000000eb180000)
 ParOldGen       total 218112K, used 217731K [0x00000000c0000000, 0x00000000cd500000, 0x00000000eab00000)
  object space 218112K, 99% used [0x00000000c0000000,0x00000000cd4a0e68,0x00000000cd500000)
 Metaspace       used 64689K, committed 65984K, reserved 1114112K
  class space    used 6640K, committed 7232K, reserved 1048576K
}
Event: 18.363 GC heap before
{Heap before GC invocations=116 (full 3):
 PSYoungGen      total 6656K, used 6398K [0x00000000eab00000, 0x00000000eb300000, 0x0000000100000000)
  eden space 5120K, 100% used [0x00000000eab00000,0x00000000eb000000,0x00000000eb000000)
  from space 1536K, 83% used [0x00000000eb180000,0x00000000eb2bf8e0,0x00000000eb300000)
  to   space 1536K, 0% used [0x00000000eb000000,0x00000000eb000000,0x00000000eb180000)
 ParOldGen       total 218112K, used 217731K [0x00000000c0000000, 0x00000000cd500000, 0x00000000eab00000)
  object space 218112K, 99% used [0x00000000c0000000,0x00000000cd4a0e68,0x00000000cd500000)
 Metaspace       used 64693K, committed 65984K, reserved 1114112K
  class space    used 6640K, committed 7232K, reserved 1048576K
}
Event: 18.366 GC heap after
{Heap after GC invocations=116 (full 3):
 PSYoungGen      total 6656K, used 1198K [0x00000000eab00000, 0x00000000eb300000, 0x0000000100000000)
  eden space 5120K, 0% used [0x00000000eab00000,0x00000000eab00000,0x00000000eb000000)
  from space 1536K, 78% used [0x00000000eb000000,0x00000000eb12ba00,0x00000000eb180000)
  to   space 1536K, 0% used [0x00000000eb180000,0x00000000eb180000,0x00000000eb300000)
 ParOldGen       total 219136K, used 218893K [0x00000000c0000000, 0x00000000cd600000, 0x00000000eab00000)
  object space 219136K, 99% used [0x00000000c0000000,0x00000000cd5c3460,0x00000000cd600000)
 Metaspace       used 64693K, committed 65984K, reserved 1114112K
  class space    used 6640K, committed 7232K, reserved 1048576K
}
Event: 18.388 GC heap before
{Heap before GC invocations=117 (full 3):
 PSYoungGen      total 6656K, used 6318K [0x00000000eab00000, 0x00000000eb300000, 0x0000000100000000)
  eden space 5120K, 100% used [0x00000000eab00000,0x00000000eb000000,0x00000000eb000000)
  from space 1536K, 78% used [0x00000000eb000000,0x00000000eb12ba00,0x00000000eb180000)
  to   space 1536K, 0% used [0x00000000eb180000,0x00000000eb180000,0x00000000eb300000)
 ParOldGen       total 219136K, used 218893K [0x00000000c0000000, 0x00000000cd600000, 0x00000000eab00000)
  object space 219136K, 99% used [0x00000000c0000000,0x00000000cd5c3460,0x00000000cd600000)
 Metaspace       used 64693K, committed 65984K, reserved 1114112K
  class space    used 6640K, committed 7232K, reserved 1048576K
}
Event: 18.391 GC heap after
{Heap after GC invocations=117 (full 3):
 PSYoungGen      total 6656K, used 1292K [0x00000000eab00000, 0x00000000eb300000, 0x0000000100000000)
  eden space 5120K, 0% used [0x00000000eab00000,0x00000000eab00000,0x00000000eb000000)
  from space 1536K, 84% used [0x00000000eb180000,0x00000000eb2c3120,0x00000000eb300000)
  to   space 1536K, 0% used [0x00000000eb000000,0x00000000eb000000,0x00000000eb180000)
 ParOldGen       total 220160K, used 219971K [0x00000000c0000000, 0x00000000cd700000, 0x00000000eab00000)
  object space 220160K, 99% used [0x00000000c0000000,0x00000000cd6d0c78,0x00000000cd700000)
 Metaspace       used 64693K, committed 65984K, reserved 1114112K
  class space    used 6640K, committed 7232K, reserved 1048576K
}
Event: 18.413 GC heap before
{Heap before GC invocations=118 (full 3):
 PSYoungGen      total 6656K, used 6412K [0x00000000eab00000, 0x00000000eb300000, 0x0000000100000000)
  eden space 5120K, 100% used [0x00000000eab00000,0x00000000eb000000,0x00000000eb000000)
  from space 1536K, 84% used [0x00000000eb180000,0x00000000eb2c3120,0x00000000eb300000)
  to   space 1536K, 0% used [0x00000000eb000000,0x00000000eb000000,0x00000000eb180000)
 ParOldGen       total 220160K, used 219971K [0x00000000c0000000, 0x00000000cd700000, 0x00000000eab00000)
  object space 220160K, 99% used [0x00000000c0000000,0x00000000cd6d0c78,0x00000000cd700000)
 Metaspace       used 64695K, committed 65984K, reserved 1114112K
  class space    used 6640K, committed 7232K, reserved 1048576K
}
Event: 18.416 GC heap after
{Heap after GC invocations=118 (full 3):
 PSYoungGen      total 6656K, used 1516K [0x00000000eab00000, 0x00000000eb400000, 0x0000000100000000)
  eden space 5120K, 0% used [0x00000000eab00000,0x00000000eab00000,0x00000000eb000000)
  from space 1536K, 98% used [0x00000000eb000000,0x00000000eb17b1c0,0x00000000eb180000)
  to   space 2048K, 0% used [0x00000000eb200000,0x00000000eb200000,0x00000000eb400000)
 ParOldGen       total 221696K, used 221269K [0x00000000c0000000, 0x00000000cd880000, 0x00000000eab00000)
  object space 221696K, 99% used [0x00000000c0000000,0x00000000cd8154e0,0x00000000cd880000)
 Metaspace       used 64695K, committed 65984K, reserved 1114112K
  class space    used 6640K, committed 7232K, reserved 1048576K
}
Event: 18.459 GC heap before
{Heap before GC invocations=119 (full 3):
 PSYoungGen      total 6656K, used 6636K [0x00000000eab00000, 0x00000000eb400000, 0x0000000100000000)
  eden space 5120K, 100% used [0x00000000eab00000,0x00000000eb000000,0x00000000eb000000)
  from space 1536K, 98% used [0x00000000eb000000,0x00000000eb17b1c0,0x00000000eb180000)
  to   space 2048K, 0% used [0x00000000eb200000,0x00000000eb200000,0x00000000eb400000)
 ParOldGen       total 221696K, used 221269K [0x00000000c0000000, 0x00000000cd880000, 0x00000000eab00000)
  object space 221696K, 99% used [0x00000000c0000000,0x00000000cd8154e0,0x00000000cd880000)
 Metaspace       used 64695K, committed 65984K, reserved 1114112K
  class space    used 6640K, committed 7232K, reserved 1048576K
}
Event: 18.463 GC heap after
{Heap after GC invocations=119 (full 3):
 PSYoungGen      total 6656K, used 1293K [0x00000000eab00000, 0x00000000eb380000, 0x0000000100000000)
  eden space 5120K, 0% used [0x00000000eab00000,0x00000000eab00000,0x00000000eb000000)
  from space 1536K, 84% used [0x00000000eb200000,0x00000000eb3436f8,0x00000000eb380000)
  to   space 1536K, 0% used [0x00000000eb000000,0x00000000eb000000,0x00000000eb180000)
 ParOldGen       total 222720K, used 222663K [0x00000000c0000000, 0x00000000cd980000, 0x00000000eab00000)
  object space 222720K, 99% used [0x00000000c0000000,0x00000000cd971f90,0x00000000cd980000)
 Metaspace       used 64695K, committed 65984K, reserved 1114112K
  class space    used 6640K, committed 7232K, reserved 1048576K
}
Event: 18.521 GC heap before
{Heap before GC invocations=120 (full 3):
 PSYoungGen      total 6656K, used 6413K [0x00000000eab00000, 0x00000000eb380000, 0x0000000100000000)
  eden space 5120K, 100% used [0x00000000eab00000,0x00000000eb000000,0x00000000eb000000)
  from space 1536K, 84% used [0x00000000eb200000,0x00000000eb3436f8,0x00000000eb380000)
  to   space 1536K, 0% used [0x00000000eb000000,0x00000000eb000000,0x00000000eb180000)
 ParOldGen       total 222720K, used 222663K [0x00000000c0000000, 0x00000000cd980000, 0x00000000eab00000)
  object space 222720K, 99% used [0x00000000c0000000,0x00000000cd971f90,0x00000000cd980000)
 Metaspace       used 64697K, committed 65984K, reserved 1114112K
  class space    used 6640K, committed 7232K, reserved 1048576K
}
Event: 18.524 GC heap after
{Heap after GC invocations=120 (full 3):
 PSYoungGen      total 6656K, used 1289K [0x00000000eab00000, 0x00000000eb300000, 0x0000000100000000)
  eden space 5120K, 0% used [0x00000000eab00000,0x00000000eab00000,0x00000000eb000000)
  from space 1536K, 83% used [0x00000000eb000000,0x00000000eb1424e8,0x00000000eb180000)
  to   space 1536K, 0% used [0x00000000eb180000,0x00000000eb180000,0x00000000eb300000)
 ParOldGen       total 224256K, used 223839K [0x00000000c0000000, 0x00000000cdb00000, 0x00000000eab00000)
  object space 224256K, 99% used [0x00000000c0000000,0x00000000cda97f80,0x00000000cdb00000)
 Metaspace       used 64697K, committed 65984K, reserved 1114112K
  class space    used 6640K, committed 7232K, reserved 1048576K
}
Event: 18.550 GC heap before
{Heap before GC invocations=121 (full 3):
 PSYoungGen      total 6656K, used 6409K [0x00000000eab00000, 0x00000000eb300000, 0x0000000100000000)
  eden space 5120K, 100% used [0x00000000eab00000,0x00000000eb000000,0x00000000eb000000)
  from space 1536K, 83% used [0x00000000eb000000,0x00000000eb1424e8,0x00000000eb180000)
  to   space 1536K, 0% used [0x00000000eb180000,0x00000000eb180000,0x00000000eb300000)
 ParOldGen       total 224256K, used 223839K [0x00000000c0000000, 0x00000000cdb00000, 0x00000000eab00000)
  object space 224256K, 99% used [0x00000000c0000000,0x00000000cda97f80,0x00000000cdb00000)
 Metaspace       used 64697K, committed 65984K, reserved 1114112K
  class space    used 6640K, committed 7232K, reserved 1048576K
}
Event: 18.556 GC heap after
{Heap after GC invocations=121 (full 3):
 PSYoungGen      total 6656K, used 1315K [0x00000000eab00000, 0x00000000eb300000, 0x0000000100000000)
  eden space 5120K, 0% used [0x00000000eab00000,0x00000000eab00000,0x00000000eb000000)
  from space 1536K, 85% used [0x00000000eb180000,0x00000000eb2c8f10,0x00000000eb300000)
  to   space 1536K, 0% used [0x00000000eb000000,0x00000000eb000000,0x00000000eb180000)
 ParOldGen       total 225280K, used 225003K [0x00000000c0000000, 0x00000000cdc00000, 0x00000000eab00000)
  object space 225280K, 99% used [0x00000000c0000000,0x00000000cdbbadd0,0x00000000cdc00000)
 Metaspace       used 64697K, committed 65984K, reserved 1114112K
  class space    used 6640K, committed 7232K, reserved 1048576K
}
Event: 18.584 GC heap before
{Heap before GC invocations=122 (full 3):
 PSYoungGen      total 6656K, used 6435K [0x00000000eab00000, 0x00000000eb300000, 0x0000000100000000)
  eden space 5120K, 100% used [0x00000000eab00000,0x00000000eb000000,0x00000000eb000000)
  from space 1536K, 85% used [0x00000000eb180000,0x00000000eb2c8f10,0x00000000eb300000)
  to   space 1536K, 0% used [0x00000000eb000000,0x00000000eb000000,0x00000000eb180000)
 ParOldGen       total 225280K, used 225003K [0x00000000c0000000, 0x00000000cdc00000, 0x00000000eab00000)
  object space 225280K, 99% used [0x00000000c0000000,0x00000000cdbbadd0,0x00000000cdc00000)
 Metaspace       used 64710K, committed 65984K, reserved 1114112K
  class space    used 6640K, committed 7232K, reserved 1048576K
}
Event: 18.590 GC heap after
{Heap after GC invocations=122 (full 3):
 PSYoungGen      total 6656K, used 6435K [0x00000000eab00000, 0x00000000eb300000, 0x0000000100000000)
  eden space 5120K, 100% used [0x00000000eab00000,0x00000000eb000000,0x00000000eb000000)
  from space 1536K, 85% used [0x00000000eb180000,0x00000000eb2c8f10,0x00000000eb300000)
  to   space 1536K, 73% used [0x00000000eb000000,0x00000000eb119638,0x00000000eb180000)
 ParOldGen       total 226304K, used 226052K [0x00000000c0000000, 0x00000000cdd00000, 0x00000000eab00000)
  object space 226304K, 99% used [0x00000000c0000000,0x00000000cdcc1078,0x00000000cdd00000)
 Metaspace       used 64710K, committed 65984K, reserved 1114112K
  class space    used 6640K, committed 7232K, reserved 1048576K
}
Event: 18.590 GC heap before
{Heap before GC invocations=123 (full 4):
 PSYoungGen      total 6656K, used 6435K [0x00000000eab00000, 0x00000000eb300000, 0x0000000100000000)
  eden space 5120K, 100% used [0x00000000eab00000,0x00000000eb000000,0x00000000eb000000)
  from space 1536K, 85% used [0x00000000eb180000,0x00000000eb2c8f10,0x00000000eb300000)
  to   space 1536K, 73% used [0x00000000eb000000,0x00000000eb119638,0x00000000eb180000)
 ParOldGen       total 226304K, used 226052K [0x00000000c0000000, 0x00000000cdd00000, 0x00000000eab00000)
  object space 226304K, 99% used [0x00000000c0000000,0x00000000cdcc1078,0x00000000cdd00000)
 Metaspace       used 64710K, committed 65984K, reserved 1114112K
  class space    used 6640K, committed 7232K, reserved 1048576K
}
Event: 18.886 GC heap after
{Heap after GC invocations=123 (full 4):
 PSYoungGen      total 6656K, used 0K [0x00000000eab00000, 0x00000000eb300000, 0x0000000100000000)
  eden space 5120K, 0% used [0x00000000eab00000,0x00000000eab00000,0x00000000eb000000)
  from space 1536K, 0% used [0x00000000eb000000,0x00000000eb000000,0x00000000eb180000)
  to   space 1536K, 0% used [0x00000000eb180000,0x00000000eb180000,0x00000000eb300000)
 ParOldGen       total 224256K, used 188030K [0x00000000c0000000, 0x00000000cdb00000, 0x00000000eab00000)
  object space 224256K, 83% used [0x00000000c0000000,0x00000000cb79faf8,0x00000000cdb00000)
 Metaspace       used 64710K, committed 65984K, reserved 1114112K
  class space    used 6640K, committed 7232K, reserved 1048576K
}
Event: 18.915 GC heap before
{Heap before GC invocations=124 (full 4):
 PSYoungGen      total 6656K, used 5120K [0x00000000eab00000, 0x00000000eb300000, 0x0000000100000000)
  eden space 5120K, 100% used [0x00000000eab00000,0x00000000eb000000,0x00000000eb000000)
  from space 1536K, 0% used [0x00000000eb000000,0x00000000eb000000,0x00000000eb180000)
  to   space 1536K, 0% used [0x00000000eb180000,0x00000000eb180000,0x00000000eb300000)
 ParOldGen       total 224256K, used 188030K [0x00000000c0000000, 0x00000000cdb00000, 0x00000000eab00000)
  object space 224256K, 83% used [0x00000000c0000000,0x00000000cb79faf8,0x00000000cdb00000)
 Metaspace       used 64713K, committed 65984K, reserved 1114112K
  class space    used 6640K, committed 7232K, reserved 1048576K
}
Event: 18.917 GC heap after
{Heap after GC invocations=124 (full 4):
 PSYoungGen      total 6656K, used 1211K [0x00000000eab00000, 0x00000000eb300000, 0x0000000100000000)
  eden space 5120K, 0% used [0x00000000eab00000,0x00000000eab00000,0x00000000eb000000)
  from space 1536K, 78% used [0x00000000eb180000,0x00000000eb2aedd0,0x00000000eb300000)
  to   space 1536K, 0% used [0x00000000eb000000,0x00000000eb000000,0x00000000eb180000)
 ParOldGen       total 224256K, used 188038K [0x00000000c0000000, 0x00000000cdb00000, 0x00000000eab00000)
  object space 224256K, 83% used [0x00000000c0000000,0x00000000cb7a1af8,0x00000000cdb00000)
 Metaspace       used 64713K, committed 65984K, reserved 1114112K
  class space    used 6640K, committed 7232K, reserved 1048576K
}

