# JRE version: Java(TM) SE Runtime Environment (17.0.11+7) (build 17.0.11+7-LTS-207)
# Java VM: Java HotSpot(TM) 64-Bit Server VM (17.0.11+7-LTS-207, mixed mode, sharing, tiered, compressed oops, compressed class ptrs, g1 gc, windows-amd64)
GC Precious Log:
 CPUs: 8 total, 8 available
 Memory: 7975M
 Large Page Support: Disabled
 NUMA Support: Disabled
 Compressed Oops: Enabled (32-bit)
 Heap Region Size: 1M
 Heap Min Capacity: 8M
 Heap Initial Capacity: 126M
 Heap Max Capacity: 1994M
 Pre-touch: Disabled
 Parallel Workers: 8
 Concurrent Workers: 2
 Concurrent Refinement Workers: 8
 Periodic GC: Disabled
Heap:
 garbage-first heap   total 128000K, used 82492K [0x0000000083600000, 0x0000000100000000)
  region size 1024K, 38 young (38912K), 1 survivors (1024K)
 Metaspace       used 81599K, committed 82240K, reserved 1179648K
  class space    used 10715K, committed 11072K, reserved 1048576K
GC Heap History (20 events):
Event: 61358.394 GC heap before
{Heap before GC invocations=130 (full 1):
 garbage-first heap   total 128000K, used 51475K [0x0000000083600000, 0x0000000100000000)
  region size 1024K, 6 young (6144K), 1 survivors (1024K)
 Metaspace       used 81566K, committed 82240K, reserved 1179648K
  class space    used 10715K, committed 11072K, reserved 1048576K
}
Event: 61358.430 GC heap after
{Heap after GC invocations=131 (full 1):
 garbage-first heap   total 128000K, used 45858K [0x0000000083600000, 0x0000000100000000)
  region size 1024K, 1 young (1024K), 1 survivors (1024K)
 Metaspace       used 81566K, committed 82240K, reserved 1179648K
  class space    used 10715K, committed 11072K, reserved 1048576K
}
Event: 61947.134 GC heap before
{Heap before GC invocations=131 (full 1):
 garbage-first heap   total 128000K, used 111394K [0x0000000083600000, 0x0000000100000000)
  region size 1024K, 65 young (66560K), 1 survivors (1024K)
 Metaspace       used 81566K, committed 82240K, reserved 1179648K
  class space    used 10715K, committed 11072K, reserved 1048576K
}
Event: 61947.168 GC heap after
{Heap after GC invocations=132 (full 1):
 garbage-first heap   total 128000K, used 45834K [0x0000000083600000, 0x0000000100000000)
  region size 1024K, 1 young (1024K), 1 survivors (1024K)
 Metaspace       used 81566K, committed 82240K, reserved 1179648K
  class space    used 10715K, committed 11072K, reserved 1048576K
}
Event: 62540.183 GC heap before
{Heap before GC invocations=133 (full 1):
 garbage-first heap   total 128000K, used 111370K [0x0000000083600000, 0x0000000100000000)
  region size 1024K, 65 young (66560K), 1 survivors (1024K)
 Metaspace       used 81566K, committed 82240K, reserved 1179648K
  class space    used 10715K, committed 11072K, reserved 1048576K
}
Event: 62540.185 GC heap after
{Heap after GC invocations=134 (full 1):
 garbage-first heap   total 128000K, used 45814K [0x0000000083600000, 0x0000000100000000)
  region size 1024K, 1 young (1024K), 1 survivors (1024K)
 Metaspace       used 81566K, committed 82240K, reserved 1179648K
  class space    used 10715K, committed 11072K, reserved 1048576K
}
Event: 62585.961 GC heap before
{Heap before GC invocations=134 (full 1):
 garbage-first heap   total 128000K, used 50934K [0x0000000083600000, 0x0000000100000000)
  region size 1024K, 6 young (6144K), 1 survivors (1024K)
 Metaspace       used 81566K, committed 82240K, reserved 1179648K
  class space    used 10715K, committed 11072K, reserved 1048576K
}
Event: 62585.970 GC heap after
{Heap after GC invocations=135 (full 1):
 garbage-first heap   total 128000K, used 45567K [0x0000000083600000, 0x0000000100000000)
  region size 1024K, 1 young (1024K), 1 survivors (1024K)
 Metaspace       used 81566K, committed 82240K, reserved 1179648K
  class space    used 10715K, committed 11072K, reserved 1048576K
}
Event: 63160.274 GC heap before
{Heap before GC invocations=135 (full 1):
 garbage-first heap   total 128000K, used 112127K [0x0000000083600000, 0x0000000100000000)
  region size 1024K, 66 young (67584K), 1 survivors (1024K)
 Metaspace       used 81580K, committed 82240K, reserved 1179648K
  class space    used 10715K, committed 11072K, reserved 1048576K
}
Event: 63160.278 GC heap after
{Heap after GC invocations=136 (full 1):
 garbage-first heap   total 128000K, used 46144K [0x0000000083600000, 0x0000000100000000)
  region size 1024K, 1 young (1024K), 1 survivors (1024K)
 Metaspace       used 81580K, committed 82240K, reserved 1179648K
  class space    used 10715K, committed 11072K, reserved 1048576K
}
Event: 63752.460 GC heap before
{Heap before GC invocations=137 (full 1):
 garbage-first heap   total 128000K, used 111680K [0x0000000083600000, 0x0000000100000000)
  region size 1024K, 65 young (66560K), 1 survivors (1024K)
 Metaspace       used 81580K, committed 82240K, reserved 1179648K
  class space    used 10715K, committed 11072K, reserved 1048576K
}
Event: 63752.462 GC heap after
{Heap after GC invocations=138 (full 1):
 garbage-first heap   total 128000K, used 46164K [0x0000000083600000, 0x0000000100000000)
  region size 1024K, 1 young (1024K), 1 survivors (1024K)
 Metaspace       used 81580K, committed 82240K, reserved 1179648K
  class space    used 10715K, committed 11072K, reserved 1048576K
}
Event: 63798.358 GC heap before
{Heap before GC invocations=138 (full 1):
 garbage-first heap   total 128000K, used 51284K [0x0000000083600000, 0x0000000100000000)
  region size 1024K, 6 young (6144K), 1 survivors (1024K)
 Metaspace       used 81580K, committed 82240K, reserved 1179648K
  class space    used 10715K, committed 11072K, reserved 1048576K
}
Event: 63798.374 GC heap after
{Heap after GC invocations=139 (full 1):
 garbage-first heap   total 128000K, used 45488K [0x0000000083600000, 0x0000000100000000)
  region size 1024K, 1 young (1024K), 1 survivors (1024K)
 Metaspace       used 81580K, committed 82240K, reserved 1179648K
  class space    used 10715K, committed 11072K, reserved 1048576K
}
Event: 64385.819 GC heap before
{Heap before GC invocations=139 (full 1):
 garbage-first heap   total 128000K, used 111024K [0x0000000083600000, 0x0000000100000000)
  region size 1024K, 65 young (66560K), 1 survivors (1024K)
 Metaspace       used 81580K, committed 82240K, reserved 1179648K
  class space    used 10715K, committed 11072K, reserved 1048576K
}
Event: 64385.821 GC heap after
{Heap after GC invocations=140 (full 1):
 garbage-first heap   total 128000K, used 45566K [0x0000000083600000, 0x0000000100000000)
  region size 1024K, 1 young (1024K), 1 survivors (1024K)
 Metaspace       used 81580K, committed 82240K, reserved 1179648K
  class space    used 10715K, committed 11072K, reserved 1048576K
}
Event: 64956.758 GC heap before
{Heap before GC invocations=141 (full 1):
 garbage-first heap   total 128000K, used 112126K [0x0000000083600000, 0x0000000100000000)
  region size 1024K, 66 young (67584K), 1 survivors (1024K)
 Metaspace       used 81599K, committed 82240K, reserved 1179648K
  class space    used 10715K, committed 11072K, reserved 1048576K
}
Event: 64956.761 GC heap after
{Heap after GC invocations=142 (full 1):
 garbage-first heap   total 128000K, used 46037K [0x0000000083600000, 0x0000000100000000)
  region size 1024K, 1 young (1024K), 1 survivors (1024K)
 Metaspace       used 81599K, committed 82240K, reserved 1179648K
  class space    used 10715K, committed 11072K, reserved 1048576K
}
Event: 65002.971 GC heap before
{Heap before GC invocations=142 (full 1):
 garbage-first heap   total 128000K, used 51157K [0x0000000083600000, 0x0000000100000000)
  region size 1024K, 6 young (6144K), 1 survivors (1024K)
 Metaspace       used 81599K, committed 82240K, reserved 1179648K
  class space    used 10715K, committed 11072K, reserved 1048576K
}
Event: 65002.977 GC heap after
{Heap after GC invocations=143 (full 1):
 garbage-first heap   total 128000K, used 45628K [0x0000000083600000, 0x0000000100000000)
  region size 1024K, 1 young (1024K), 1 survivors (1024K)
 Metaspace       used 81599K, committed 82240K, reserved 1179648K
  class space    used 10715K, committed 11072K, reserved 1048576K
}

